[2023-09-13 06:21:30] local.ERROR: Array to string conversion {"exception":"[object] (ErrorException(code: 0): Array to string conversion at /media/hilal/a16cd7f4-d146-4484-97ce-f3f0ba8e9840/Office-Data/Jobs/Joybiz/Applications/Joybiz/Backend/V3.0/JoyBiz-API-V1.0/app/Libraries/Core.php:90)
[stacktrace]
#0 /media/hilal/a16cd7f4-d146-4484-97ce-f3f0ba8e9840/Office-Data/Jobs/Joybiz/Applications/Joybiz/Backend/V3.0/JoyBiz-API-V1.0/vendor/laravel/lumen-framework/src/Concerns/RegistersExceptionHandlers.php(47): Laravel\\Lumen\\Application->handleError()
#1 /media/hilal/a16cd7f4-d146-4484-97ce-f3f0ba8e9840/Office-Data/Jobs/Joybiz/Applications/Joybiz/Backend/V3.0/JoyBiz-API-V1.0/app/Libraries/Core.php(90): Laravel\\Lumen\\Application->Laravel\\Lumen\\Concerns\\{closure}()
#2 /media/hilal/a16cd7f4-d146-4484-97ce-f3f0ba8e9840/Office-Data/Jobs/Joybiz/Applications/Joybiz/Backend/V3.0/JoyBiz-API-V1.0/routes/api.php(23): app\\Libraries\\Core::renderRoutes()
#3 /media/hilal/a16cd7f4-d146-4484-97ce-f3f0ba8e9840/Office-Data/Jobs/Joybiz/Applications/Joybiz/Backend/V3.0/JoyBiz-API-V1.0/vendor/laravel/lumen-framework/src/Routing/Router.php(62): {closure}()
#4 /media/hilal/a16cd7f4-d146-4484-97ce-f3f0ba8e9840/Office-Data/Jobs/Joybiz/Applications/Joybiz/Backend/V3.0/JoyBiz-API-V1.0/routes/api.php(24): Laravel\\Lumen\\Routing\\Router->group()
#5 /media/hilal/a16cd7f4-d146-4484-97ce-f3f0ba8e9840/Office-Data/Jobs/Joybiz/Applications/Joybiz/Backend/V3.0/JoyBiz-API-V1.0/bootstrap/app.php(127): require('...')
#6 /media/hilal/a16cd7f4-d146-4484-97ce-f3f0ba8e9840/Office-Data/Jobs/Joybiz/Applications/Joybiz/Backend/V3.0/JoyBiz-API-V1.0/vendor/laravel/lumen-framework/src/Routing/Router.php(62): {closure}()
#7 /media/hilal/a16cd7f4-d146-4484-97ce-f3f0ba8e9840/Office-Data/Jobs/Joybiz/Applications/Joybiz/Backend/V3.0/JoyBiz-API-V1.0/bootstrap/app.php(128): Laravel\\Lumen\\Routing\\Router->group()
#8 /media/hilal/a16cd7f4-d146-4484-97ce-f3f0ba8e9840/Office-Data/Jobs/Joybiz/Applications/Joybiz/Backend/V3.0/JoyBiz-API-V1.0/public/index.php(14): require('...')
#9 {main}
"} 
[2023-09-13 06:21:35] local.ERROR: Array to string conversion {"exception":"[object] (ErrorException(code: 0): Array to string conversion at /media/hilal/a16cd7f4-d146-4484-97ce-f3f0ba8e9840/Office-Data/Jobs/Joybiz/Applications/Joybiz/Backend/V3.0/JoyBiz-API-V1.0/app/Libraries/Core.php:90)
[stacktrace]
#0 /media/hilal/a16cd7f4-d146-4484-97ce-f3f0ba8e9840/Office-Data/Jobs/Joybiz/Applications/Joybiz/Backend/V3.0/JoyBiz-API-V1.0/vendor/laravel/lumen-framework/src/Concerns/RegistersExceptionHandlers.php(47): Laravel\\Lumen\\Application->handleError()
#1 /media/hilal/a16cd7f4-d146-4484-97ce-f3f0ba8e9840/Office-Data/Jobs/Joybiz/Applications/Joybiz/Backend/V3.0/JoyBiz-API-V1.0/app/Libraries/Core.php(90): Laravel\\Lumen\\Application->Laravel\\Lumen\\Concerns\\{closure}()
#2 /media/hilal/a16cd7f4-d146-4484-97ce-f3f0ba8e9840/Office-Data/Jobs/Joybiz/Applications/Joybiz/Backend/V3.0/JoyBiz-API-V1.0/routes/api.php(23): app\\Libraries\\Core::renderRoutes()
#3 /media/hilal/a16cd7f4-d146-4484-97ce-f3f0ba8e9840/Office-Data/Jobs/Joybiz/Applications/Joybiz/Backend/V3.0/JoyBiz-API-V1.0/vendor/laravel/lumen-framework/src/Routing/Router.php(62): {closure}()
#4 /media/hilal/a16cd7f4-d146-4484-97ce-f3f0ba8e9840/Office-Data/Jobs/Joybiz/Applications/Joybiz/Backend/V3.0/JoyBiz-API-V1.0/routes/api.php(24): Laravel\\Lumen\\Routing\\Router->group()
#5 /media/hilal/a16cd7f4-d146-4484-97ce-f3f0ba8e9840/Office-Data/Jobs/Joybiz/Applications/Joybiz/Backend/V3.0/JoyBiz-API-V1.0/bootstrap/app.php(127): require('...')
#6 /media/hilal/a16cd7f4-d146-4484-97ce-f3f0ba8e9840/Office-Data/Jobs/Joybiz/Applications/Joybiz/Backend/V3.0/JoyBiz-API-V1.0/vendor/laravel/lumen-framework/src/Routing/Router.php(62): {closure}()
#7 /media/hilal/a16cd7f4-d146-4484-97ce-f3f0ba8e9840/Office-Data/Jobs/Joybiz/Applications/Joybiz/Backend/V3.0/JoyBiz-API-V1.0/bootstrap/app.php(128): Laravel\\Lumen\\Routing\\Router->group()
#8 /media/hilal/a16cd7f4-d146-4484-97ce-f3f0ba8e9840/Office-Data/Jobs/Joybiz/Applications/Joybiz/Backend/V3.0/JoyBiz-API-V1.0/public/index.php(14): require('...')
#9 {main}
"} 
[2023-09-13 10:52:31] local.ERROR: SQLSTATE[42P01]: Undefined table: 7 ERROR:  relation "warehouses" does not exist
LINE 1: select * from "warehouses" where "status" = $1 and "warehous...
                      ^ (SQL: select * from "warehouses" where "status" = 1 and "warehouses"."deleted_at" is null) {"exception":"[object] (Illuminate\\Database\\QueryException(code: 42P01): SQLSTATE[42P01]: Undefined table: 7 ERROR:  relation \"warehouses\" does not exist
LINE 1: select * from \"warehouses\" where \"status\" = $1 and \"warehous...
                      ^ (SQL: select * from \"warehouses\" where \"status\" = 1 and \"warehouses\".\"deleted_at\" is null) at /media/hilal/a16cd7f4-d146-4484-97ce-f3f0ba8e9840/Office-Data/Jobs/Joybiz/Applications/Joybiz/Backend/V3.0/JoyBiz-API-V1.0/vendor/illuminate/database/Connection.php:760)
[stacktrace]
#0 /media/hilal/a16cd7f4-d146-4484-97ce-f3f0ba8e9840/Office-Data/Jobs/Joybiz/Applications/Joybiz/Backend/V3.0/JoyBiz-API-V1.0/vendor/illuminate/database/Connection.php(720): Illuminate\\Database\\Connection->runQueryCallback()
#1 /media/hilal/a16cd7f4-d146-4484-97ce-f3f0ba8e9840/Office-Data/Jobs/Joybiz/Applications/Joybiz/Backend/V3.0/JoyBiz-API-V1.0/vendor/illuminate/database/Connection.php(422): Illuminate\\Database\\Connection->run()
#2 /media/hilal/a16cd7f4-d146-4484-97ce-f3f0ba8e9840/Office-Data/Jobs/Joybiz/Applications/Joybiz/Backend/V3.0/JoyBiz-API-V1.0/vendor/illuminate/database/Query/Builder.php(2706): Illuminate\\Database\\Connection->select()
#3 /media/hilal/a16cd7f4-d146-4484-97ce-f3f0ba8e9840/Office-Data/Jobs/Joybiz/Applications/Joybiz/Backend/V3.0/JoyBiz-API-V1.0/vendor/illuminate/database/Query/Builder.php(2694): Illuminate\\Database\\Query\\Builder->runSelect()
#4 /media/hilal/a16cd7f4-d146-4484-97ce-f3f0ba8e9840/Office-Data/Jobs/Joybiz/Applications/Joybiz/Backend/V3.0/JoyBiz-API-V1.0/vendor/illuminate/database/Query/Builder.php(3230): Illuminate\\Database\\Query\\Builder->Illuminate\\Database\\Query\\{closure}()
#5 /media/hilal/a16cd7f4-d146-4484-97ce-f3f0ba8e9840/Office-Data/Jobs/Joybiz/Applications/Joybiz/Backend/V3.0/JoyBiz-API-V1.0/vendor/illuminate/database/Query/Builder.php(2695): Illuminate\\Database\\Query\\Builder->onceWithColumns()
#6 /media/hilal/a16cd7f4-d146-4484-97ce-f3f0ba8e9840/Office-Data/Jobs/Joybiz/Applications/Joybiz/Backend/V3.0/JoyBiz-API-V1.0/vendor/illuminate/database/Eloquent/Builder.php(710): Illuminate\\Database\\Query\\Builder->get()
#7 /media/hilal/a16cd7f4-d146-4484-97ce-f3f0ba8e9840/Office-Data/Jobs/Joybiz/Applications/Joybiz/Backend/V3.0/JoyBiz-API-V1.0/vendor/illuminate/database/Eloquent/Builder.php(694): Illuminate\\Database\\Eloquent\\Builder->getModels()
#8 /media/hilal/a16cd7f4-d146-4484-97ce-f3f0ba8e9840/Office-Data/Jobs/Joybiz/Applications/Joybiz/Backend/V3.0/JoyBiz-API-V1.0/app/Services/Warehouses/WarehouseService.php(106): Illuminate\\Database\\Eloquent\\Builder->get()
#9 /media/hilal/a16cd7f4-d146-4484-97ce-f3f0ba8e9840/Office-Data/Jobs/Joybiz/Applications/Joybiz/Backend/V3.0/JoyBiz-API-V1.0/app/Http/Controllers/Warehouses/WarehouseController.php(20): App\\Services\\Warehouses\\WarehouseService->index()
#10 /media/hilal/a16cd7f4-d146-4484-97ce-f3f0ba8e9840/Office-Data/Jobs/Joybiz/Applications/Joybiz/Backend/V3.0/JoyBiz-API-V1.0/vendor/illuminate/container/BoundMethod.php(36): App\\Http\\Controllers\\Warehouses\\WarehouseController->index()
#11 /media/hilal/a16cd7f4-d146-4484-97ce-f3f0ba8e9840/Office-Data/Jobs/Joybiz/Applications/Joybiz/Backend/V3.0/JoyBiz-API-V1.0/vendor/illuminate/container/Util.php(41): Illuminate\\Container\\BoundMethod::Illuminate\\Container\\{closure}()
#12 /media/hilal/a16cd7f4-d146-4484-97ce-f3f0ba8e9840/Office-Data/Jobs/Joybiz/Applications/Joybiz/Backend/V3.0/JoyBiz-API-V1.0/vendor/illuminate/container/BoundMethod.php(93): Illuminate\\Container\\Util::unwrapIfClosure()
#13 /media/hilal/a16cd7f4-d146-4484-97ce-f3f0ba8e9840/Office-Data/Jobs/Joybiz/Applications/Joybiz/Backend/V3.0/JoyBiz-API-V1.0/vendor/illuminate/container/BoundMethod.php(37): Illuminate\\Container\\BoundMethod::callBoundMethod()
#14 /media/hilal/a16cd7f4-d146-4484-97ce-f3f0ba8e9840/Office-Data/Jobs/Joybiz/Applications/Joybiz/Backend/V3.0/JoyBiz-API-V1.0/vendor/illuminate/container/Container.php(661): Illuminate\\Container\\BoundMethod::call()
#15 /media/hilal/a16cd7f4-d146-4484-97ce-f3f0ba8e9840/Office-Data/Jobs/Joybiz/Applications/Joybiz/Backend/V3.0/JoyBiz-API-V1.0/vendor/laravel/lumen-framework/src/Concerns/RoutesRequests.php(391): Illuminate\\Container\\Container->call()
#16 /media/hilal/a16cd7f4-d146-4484-97ce-f3f0ba8e9840/Office-Data/Jobs/Joybiz/Applications/Joybiz/Backend/V3.0/JoyBiz-API-V1.0/vendor/laravel/lumen-framework/src/Concerns/RoutesRequests.php(357): Laravel\\Lumen\\Application->callControllerCallable()
#17 /media/hilal/a16cd7f4-d146-4484-97ce-f3f0ba8e9840/Office-Data/Jobs/Joybiz/Applications/Joybiz/Backend/V3.0/JoyBiz-API-V1.0/vendor/laravel/lumen-framework/src/Concerns/RoutesRequests.php(331): Laravel\\Lumen\\Application->callLumenController()
#18 /media/hilal/a16cd7f4-d146-4484-97ce-f3f0ba8e9840/Office-Data/Jobs/Joybiz/Applications/Joybiz/Backend/V3.0/JoyBiz-API-V1.0/vendor/laravel/lumen-framework/src/Concerns/RoutesRequests.php(284): Laravel\\Lumen\\Application->callControllerAction()
#19 /media/hilal/a16cd7f4-d146-4484-97ce-f3f0ba8e9840/Office-Data/Jobs/Joybiz/Applications/Joybiz/Backend/V3.0/JoyBiz-API-V1.0/vendor/laravel/lumen-framework/src/Concerns/RoutesRequests.php(264): Laravel\\Lumen\\Application->callActionOnArrayBasedRoute()
#20 /media/hilal/a16cd7f4-d146-4484-97ce-f3f0ba8e9840/Office-Data/Jobs/Joybiz/Applications/Joybiz/Backend/V3.0/JoyBiz-API-V1.0/vendor/laravel/lumen-framework/src/Routing/Pipeline.php(48): Laravel\\Lumen\\Application->Laravel\\Lumen\\Concerns\\{closure}()
#21 /media/hilal/a16cd7f4-d146-4484-97ce-f3f0ba8e9840/Office-Data/Jobs/Joybiz/Applications/Joybiz/Backend/V3.0/JoyBiz-API-V1.0/app/Http/Middleware/ClientAuthMiddleware.php(47): Laravel\\Lumen\\Routing\\Pipeline->Laravel\\Lumen\\Routing\\{closure}()
#22 /media/hilal/a16cd7f4-d146-4484-97ce-f3f0ba8e9840/Office-Data/Jobs/Joybiz/Applications/Joybiz/Backend/V3.0/JoyBiz-API-V1.0/vendor/illuminate/pipeline/Pipeline.php(180): App\\Http\\Middleware\\ClientAuthMiddleware->handle()
#23 /media/hilal/a16cd7f4-d146-4484-97ce-f3f0ba8e9840/Office-Data/Jobs/Joybiz/Applications/Joybiz/Backend/V3.0/JoyBiz-API-V1.0/vendor/laravel/lumen-framework/src/Routing/Pipeline.php(30): Illuminate\\Pipeline\\Pipeline->Illuminate\\Pipeline\\{closure}()
#24 /media/hilal/a16cd7f4-d146-4484-97ce-f3f0ba8e9840/Office-Data/Jobs/Joybiz/Applications/Joybiz/Backend/V3.0/JoyBiz-API-V1.0/vendor/illuminate/pipeline/Pipeline.php(116): Laravel\\Lumen\\Routing\\Pipeline->Laravel\\Lumen\\Routing\\{closure}()
#25 /media/hilal/a16cd7f4-d146-4484-97ce-f3f0ba8e9840/Office-Data/Jobs/Joybiz/Applications/Joybiz/Backend/V3.0/JoyBiz-API-V1.0/vendor/laravel/lumen-framework/src/Concerns/RoutesRequests.php(428): Illuminate\\Pipeline\\Pipeline->then()
#26 /media/hilal/a16cd7f4-d146-4484-97ce-f3f0ba8e9840/Office-Data/Jobs/Joybiz/Applications/Joybiz/Backend/V3.0/JoyBiz-API-V1.0/vendor/laravel/lumen-framework/src/Concerns/RoutesRequests.php(265): Laravel\\Lumen\\Application->sendThroughPipeline()
#27 /media/hilal/a16cd7f4-d146-4484-97ce-f3f0ba8e9840/Office-Data/Jobs/Joybiz/Applications/Joybiz/Backend/V3.0/JoyBiz-API-V1.0/vendor/laravel/lumen-framework/src/Concerns/RoutesRequests.php(171): Laravel\\Lumen\\Application->handleFoundRoute()
#28 /media/hilal/a16cd7f4-d146-4484-97ce-f3f0ba8e9840/Office-Data/Jobs/Joybiz/Applications/Joybiz/Backend/V3.0/JoyBiz-API-V1.0/vendor/laravel/lumen-framework/src/Concerns/RoutesRequests.php(431): Laravel\\Lumen\\Application->Laravel\\Lumen\\Concerns\\{closure}()
#29 /media/hilal/a16cd7f4-d146-4484-97ce-f3f0ba8e9840/Office-Data/Jobs/Joybiz/Applications/Joybiz/Backend/V3.0/JoyBiz-API-V1.0/vendor/laravel/lumen-framework/src/Concerns/RoutesRequests.php(177): Laravel\\Lumen\\Application->sendThroughPipeline()
#30 /media/hilal/a16cd7f4-d146-4484-97ce-f3f0ba8e9840/Office-Data/Jobs/Joybiz/Applications/Joybiz/Backend/V3.0/JoyBiz-API-V1.0/vendor/laravel/lumen-framework/src/Concerns/RoutesRequests.php(112): Laravel\\Lumen\\Application->dispatch()
#31 /media/hilal/a16cd7f4-d146-4484-97ce-f3f0ba8e9840/Office-Data/Jobs/Joybiz/Applications/Joybiz/Backend/V3.0/JoyBiz-API-V1.0/public/index.php(28): Laravel\\Lumen\\Application->run()
#32 {main}

[previous exception] [object] (PDOException(code: 42P01): SQLSTATE[42P01]: Undefined table: 7 ERROR:  relation \"warehouses\" does not exist
LINE 1: select * from \"warehouses\" where \"status\" = $1 and \"warehous...
                      ^ at /media/hilal/a16cd7f4-d146-4484-97ce-f3f0ba8e9840/Office-Data/Jobs/Joybiz/Applications/Joybiz/Backend/V3.0/JoyBiz-API-V1.0/vendor/illuminate/database/Connection.php:419)
[stacktrace]
#0 /media/hilal/a16cd7f4-d146-4484-97ce-f3f0ba8e9840/Office-Data/Jobs/Joybiz/Applications/Joybiz/Backend/V3.0/JoyBiz-API-V1.0/vendor/illuminate/database/Connection.php(419): PDOStatement->execute()
#1 /media/hilal/a16cd7f4-d146-4484-97ce-f3f0ba8e9840/Office-Data/Jobs/Joybiz/Applications/Joybiz/Backend/V3.0/JoyBiz-API-V1.0/vendor/illuminate/database/Connection.php(753): Illuminate\\Database\\Connection->Illuminate\\Database\\{closure}()
#2 /media/hilal/a16cd7f4-d146-4484-97ce-f3f0ba8e9840/Office-Data/Jobs/Joybiz/Applications/Joybiz/Backend/V3.0/JoyBiz-API-V1.0/vendor/illuminate/database/Connection.php(720): Illuminate\\Database\\Connection->runQueryCallback()
#3 /media/hilal/a16cd7f4-d146-4484-97ce-f3f0ba8e9840/Office-Data/Jobs/Joybiz/Applications/Joybiz/Backend/V3.0/JoyBiz-API-V1.0/vendor/illuminate/database/Connection.php(422): Illuminate\\Database\\Connection->run()
#4 /media/hilal/a16cd7f4-d146-4484-97ce-f3f0ba8e9840/Office-Data/Jobs/Joybiz/Applications/Joybiz/Backend/V3.0/JoyBiz-API-V1.0/vendor/illuminate/database/Query/Builder.php(2706): Illuminate\\Database\\Connection->select()
#5 /media/hilal/a16cd7f4-d146-4484-97ce-f3f0ba8e9840/Office-Data/Jobs/Joybiz/Applications/Joybiz/Backend/V3.0/JoyBiz-API-V1.0/vendor/illuminate/database/Query/Builder.php(2694): Illuminate\\Database\\Query\\Builder->runSelect()
#6 /media/hilal/a16cd7f4-d146-4484-97ce-f3f0ba8e9840/Office-Data/Jobs/Joybiz/Applications/Joybiz/Backend/V3.0/JoyBiz-API-V1.0/vendor/illuminate/database/Query/Builder.php(3230): Illuminate\\Database\\Query\\Builder->Illuminate\\Database\\Query\\{closure}()
#7 /media/hilal/a16cd7f4-d146-4484-97ce-f3f0ba8e9840/Office-Data/Jobs/Joybiz/Applications/Joybiz/Backend/V3.0/JoyBiz-API-V1.0/vendor/illuminate/database/Query/Builder.php(2695): Illuminate\\Database\\Query\\Builder->onceWithColumns()
#8 /media/hilal/a16cd7f4-d146-4484-97ce-f3f0ba8e9840/Office-Data/Jobs/Joybiz/Applications/Joybiz/Backend/V3.0/JoyBiz-API-V1.0/vendor/illuminate/database/Eloquent/Builder.php(710): Illuminate\\Database\\Query\\Builder->get()
#9 /media/hilal/a16cd7f4-d146-4484-97ce-f3f0ba8e9840/Office-Data/Jobs/Joybiz/Applications/Joybiz/Backend/V3.0/JoyBiz-API-V1.0/vendor/illuminate/database/Eloquent/Builder.php(694): Illuminate\\Database\\Eloquent\\Builder->getModels()
#10 /media/hilal/a16cd7f4-d146-4484-97ce-f3f0ba8e9840/Office-Data/Jobs/Joybiz/Applications/Joybiz/Backend/V3.0/JoyBiz-API-V1.0/app/Services/Warehouses/WarehouseService.php(106): Illuminate\\Database\\Eloquent\\Builder->get()
#11 /media/hilal/a16cd7f4-d146-4484-97ce-f3f0ba8e9840/Office-Data/Jobs/Joybiz/Applications/Joybiz/Backend/V3.0/JoyBiz-API-V1.0/app/Http/Controllers/Warehouses/WarehouseController.php(20): App\\Services\\Warehouses\\WarehouseService->index()
#12 /media/hilal/a16cd7f4-d146-4484-97ce-f3f0ba8e9840/Office-Data/Jobs/Joybiz/Applications/Joybiz/Backend/V3.0/JoyBiz-API-V1.0/vendor/illuminate/container/BoundMethod.php(36): App\\Http\\Controllers\\Warehouses\\WarehouseController->index()
#13 /media/hilal/a16cd7f4-d146-4484-97ce-f3f0ba8e9840/Office-Data/Jobs/Joybiz/Applications/Joybiz/Backend/V3.0/JoyBiz-API-V1.0/vendor/illuminate/container/Util.php(41): Illuminate\\Container\\BoundMethod::Illuminate\\Container\\{closure}()
#14 /media/hilal/a16cd7f4-d146-4484-97ce-f3f0ba8e9840/Office-Data/Jobs/Joybiz/Applications/Joybiz/Backend/V3.0/JoyBiz-API-V1.0/vendor/illuminate/container/BoundMethod.php(93): Illuminate\\Container\\Util::unwrapIfClosure()
#15 /media/hilal/a16cd7f4-d146-4484-97ce-f3f0ba8e9840/Office-Data/Jobs/Joybiz/Applications/Joybiz/Backend/V3.0/JoyBiz-API-V1.0/vendor/illuminate/container/BoundMethod.php(37): Illuminate\\Container\\BoundMethod::callBoundMethod()
#16 /media/hilal/a16cd7f4-d146-4484-97ce-f3f0ba8e9840/Office-Data/Jobs/Joybiz/Applications/Joybiz/Backend/V3.0/JoyBiz-API-V1.0/vendor/illuminate/container/Container.php(661): Illuminate\\Container\\BoundMethod::call()
#17 /media/hilal/a16cd7f4-d146-4484-97ce-f3f0ba8e9840/Office-Data/Jobs/Joybiz/Applications/Joybiz/Backend/V3.0/JoyBiz-API-V1.0/vendor/laravel/lumen-framework/src/Concerns/RoutesRequests.php(391): Illuminate\\Container\\Container->call()
#18 /media/hilal/a16cd7f4-d146-4484-97ce-f3f0ba8e9840/Office-Data/Jobs/Joybiz/Applications/Joybiz/Backend/V3.0/JoyBiz-API-V1.0/vendor/laravel/lumen-framework/src/Concerns/RoutesRequests.php(357): Laravel\\Lumen\\Application->callControllerCallable()
#19 /media/hilal/a16cd7f4-d146-4484-97ce-f3f0ba8e9840/Office-Data/Jobs/Joybiz/Applications/Joybiz/Backend/V3.0/JoyBiz-API-V1.0/vendor/laravel/lumen-framework/src/Concerns/RoutesRequests.php(331): Laravel\\Lumen\\Application->callLumenController()
#20 /media/hilal/a16cd7f4-d146-4484-97ce-f3f0ba8e9840/Office-Data/Jobs/Joybiz/Applications/Joybiz/Backend/V3.0/JoyBiz-API-V1.0/vendor/laravel/lumen-framework/src/Concerns/RoutesRequests.php(284): Laravel\\Lumen\\Application->callControllerAction()
#21 /media/hilal/a16cd7f4-d146-4484-97ce-f3f0ba8e9840/Office-Data/Jobs/Joybiz/Applications/Joybiz/Backend/V3.0/JoyBiz-API-V1.0/vendor/laravel/lumen-framework/src/Concerns/RoutesRequests.php(264): Laravel\\Lumen\\Application->callActionOnArrayBasedRoute()
#22 /media/hilal/a16cd7f4-d146-4484-97ce-f3f0ba8e9840/Office-Data/Jobs/Joybiz/Applications/Joybiz/Backend/V3.0/JoyBiz-API-V1.0/vendor/laravel/lumen-framework/src/Routing/Pipeline.php(48): Laravel\\Lumen\\Application->Laravel\\Lumen\\Concerns\\{closure}()
#23 /media/hilal/a16cd7f4-d146-4484-97ce-f3f0ba8e9840/Office-Data/Jobs/Joybiz/Applications/Joybiz/Backend/V3.0/JoyBiz-API-V1.0/app/Http/Middleware/ClientAuthMiddleware.php(47): Laravel\\Lumen\\Routing\\Pipeline->Laravel\\Lumen\\Routing\\{closure}()
#24 /media/hilal/a16cd7f4-d146-4484-97ce-f3f0ba8e9840/Office-Data/Jobs/Joybiz/Applications/Joybiz/Backend/V3.0/JoyBiz-API-V1.0/vendor/illuminate/pipeline/Pipeline.php(180): App\\Http\\Middleware\\ClientAuthMiddleware->handle()
#25 /media/hilal/a16cd7f4-d146-4484-97ce-f3f0ba8e9840/Office-Data/Jobs/Joybiz/Applications/Joybiz/Backend/V3.0/JoyBiz-API-V1.0/vendor/laravel/lumen-framework/src/Routing/Pipeline.php(30): Illuminate\\Pipeline\\Pipeline->Illuminate\\Pipeline\\{closure}()
#26 /media/hilal/a16cd7f4-d146-4484-97ce-f3f0ba8e9840/Office-Data/Jobs/Joybiz/Applications/Joybiz/Backend/V3.0/JoyBiz-API-V1.0/vendor/illuminate/pipeline/Pipeline.php(116): Laravel\\Lumen\\Routing\\Pipeline->Laravel\\Lumen\\Routing\\{closure}()
#27 /media/hilal/a16cd7f4-d146-4484-97ce-f3f0ba8e9840/Office-Data/Jobs/Joybiz/Applications/Joybiz/Backend/V3.0/JoyBiz-API-V1.0/vendor/laravel/lumen-framework/src/Concerns/RoutesRequests.php(428): Illuminate\\Pipeline\\Pipeline->then()
#28 /media/hilal/a16cd7f4-d146-4484-97ce-f3f0ba8e9840/Office-Data/Jobs/Joybiz/Applications/Joybiz/Backend/V3.0/JoyBiz-API-V1.0/vendor/laravel/lumen-framework/src/Concerns/RoutesRequests.php(265): Laravel\\Lumen\\Application->sendThroughPipeline()
#29 /media/hilal/a16cd7f4-d146-4484-97ce-f3f0ba8e9840/Office-Data/Jobs/Joybiz/Applications/Joybiz/Backend/V3.0/JoyBiz-API-V1.0/vendor/laravel/lumen-framework/src/Concerns/RoutesRequests.php(171): Laravel\\Lumen\\Application->handleFoundRoute()
#30 /media/hilal/a16cd7f4-d146-4484-97ce-f3f0ba8e9840/Office-Data/Jobs/Joybiz/Applications/Joybiz/Backend/V3.0/JoyBiz-API-V1.0/vendor/laravel/lumen-framework/src/Concerns/RoutesRequests.php(431): Laravel\\Lumen\\Application->Laravel\\Lumen\\Concerns\\{closure}()
#31 /media/hilal/a16cd7f4-d146-4484-97ce-f3f0ba8e9840/Office-Data/Jobs/Joybiz/Applications/Joybiz/Backend/V3.0/JoyBiz-API-V1.0/vendor/laravel/lumen-framework/src/Concerns/RoutesRequests.php(177): Laravel\\Lumen\\Application->sendThroughPipeline()
#32 /media/hilal/a16cd7f4-d146-4484-97ce-f3f0ba8e9840/Office-Data/Jobs/Joybiz/Applications/Joybiz/Backend/V3.0/JoyBiz-API-V1.0/vendor/laravel/lumen-framework/src/Concerns/RoutesRequests.php(112): Laravel\\Lumen\\Application->dispatch()
#33 /media/hilal/a16cd7f4-d146-4484-97ce-f3f0ba8e9840/Office-Data/Jobs/Joybiz/Applications/Joybiz/Backend/V3.0/JoyBiz-API-V1.0/public/index.php(28): Laravel\\Lumen\\Application->run()
#34 {main}
"} 
[2023-09-13 10:53:45] local.ERROR: Too few arguments to function Illuminate\Support\Collection::take(), 0 passed in /media/hilal/a16cd7f4-d146-4484-97ce-f3f0ba8e9840/Office-Data/Jobs/Joybiz/Applications/Joybiz/Backend/V3.0/JoyBiz-API-V1.0/app/Services/Warehouses/WarehouseService.php on line 106 and exactly 1 expected {"exception":"[object] (ArgumentCountError(code: 0): Too few arguments to function Illuminate\\Support\\Collection::take(), 0 passed in /media/hilal/a16cd7f4-d146-4484-97ce-f3f0ba8e9840/Office-Data/Jobs/Joybiz/Applications/Joybiz/Backend/V3.0/JoyBiz-API-V1.0/app/Services/Warehouses/WarehouseService.php on line 106 and exactly 1 expected at /media/hilal/a16cd7f4-d146-4484-97ce-f3f0ba8e9840/Office-Data/Jobs/Joybiz/Applications/Joybiz/Backend/V3.0/JoyBiz-API-V1.0/vendor/illuminate/collections/Collection.php:1527)
[stacktrace]
#0 /media/hilal/a16cd7f4-d146-4484-97ce-f3f0ba8e9840/Office-Data/Jobs/Joybiz/Applications/Joybiz/Backend/V3.0/JoyBiz-API-V1.0/app/Services/Warehouses/WarehouseService.php(106): Illuminate\\Support\\Collection->take()
#1 /media/hilal/a16cd7f4-d146-4484-97ce-f3f0ba8e9840/Office-Data/Jobs/Joybiz/Applications/Joybiz/Backend/V3.0/JoyBiz-API-V1.0/app/Http/Controllers/Warehouses/WarehouseController.php(20): App\\Services\\Warehouses\\WarehouseService->index()
#2 /media/hilal/a16cd7f4-d146-4484-97ce-f3f0ba8e9840/Office-Data/Jobs/Joybiz/Applications/Joybiz/Backend/V3.0/JoyBiz-API-V1.0/vendor/illuminate/container/BoundMethod.php(36): App\\Http\\Controllers\\Warehouses\\WarehouseController->index()
#3 /media/hilal/a16cd7f4-d146-4484-97ce-f3f0ba8e9840/Office-Data/Jobs/Joybiz/Applications/Joybiz/Backend/V3.0/JoyBiz-API-V1.0/vendor/illuminate/container/Util.php(41): Illuminate\\Container\\BoundMethod::Illuminate\\Container\\{closure}()
#4 /media/hilal/a16cd7f4-d146-4484-97ce-f3f0ba8e9840/Office-Data/Jobs/Joybiz/Applications/Joybiz/Backend/V3.0/JoyBiz-API-V1.0/vendor/illuminate/container/BoundMethod.php(93): Illuminate\\Container\\Util::unwrapIfClosure()
#5 /media/hilal/a16cd7f4-d146-4484-97ce-f3f0ba8e9840/Office-Data/Jobs/Joybiz/Applications/Joybiz/Backend/V3.0/JoyBiz-API-V1.0/vendor/illuminate/container/BoundMethod.php(37): Illuminate\\Container\\BoundMethod::callBoundMethod()
#6 /media/hilal/a16cd7f4-d146-4484-97ce-f3f0ba8e9840/Office-Data/Jobs/Joybiz/Applications/Joybiz/Backend/V3.0/JoyBiz-API-V1.0/vendor/illuminate/container/Container.php(661): Illuminate\\Container\\BoundMethod::call()
#7 /media/hilal/a16cd7f4-d146-4484-97ce-f3f0ba8e9840/Office-Data/Jobs/Joybiz/Applications/Joybiz/Backend/V3.0/JoyBiz-API-V1.0/vendor/laravel/lumen-framework/src/Concerns/RoutesRequests.php(391): Illuminate\\Container\\Container->call()
#8 /media/hilal/a16cd7f4-d146-4484-97ce-f3f0ba8e9840/Office-Data/Jobs/Joybiz/Applications/Joybiz/Backend/V3.0/JoyBiz-API-V1.0/vendor/laravel/lumen-framework/src/Concerns/RoutesRequests.php(357): Laravel\\Lumen\\Application->callControllerCallable()
#9 /media/hilal/a16cd7f4-d146-4484-97ce-f3f0ba8e9840/Office-Data/Jobs/Joybiz/Applications/Joybiz/Backend/V3.0/JoyBiz-API-V1.0/vendor/laravel/lumen-framework/src/Concerns/RoutesRequests.php(331): Laravel\\Lumen\\Application->callLumenController()
#10 /media/hilal/a16cd7f4-d146-4484-97ce-f3f0ba8e9840/Office-Data/Jobs/Joybiz/Applications/Joybiz/Backend/V3.0/JoyBiz-API-V1.0/vendor/laravel/lumen-framework/src/Concerns/RoutesRequests.php(284): Laravel\\Lumen\\Application->callControllerAction()
#11 /media/hilal/a16cd7f4-d146-4484-97ce-f3f0ba8e9840/Office-Data/Jobs/Joybiz/Applications/Joybiz/Backend/V3.0/JoyBiz-API-V1.0/vendor/laravel/lumen-framework/src/Concerns/RoutesRequests.php(264): Laravel\\Lumen\\Application->callActionOnArrayBasedRoute()
#12 /media/hilal/a16cd7f4-d146-4484-97ce-f3f0ba8e9840/Office-Data/Jobs/Joybiz/Applications/Joybiz/Backend/V3.0/JoyBiz-API-V1.0/vendor/laravel/lumen-framework/src/Routing/Pipeline.php(48): Laravel\\Lumen\\Application->Laravel\\Lumen\\Concerns\\{closure}()
#13 /media/hilal/a16cd7f4-d146-4484-97ce-f3f0ba8e9840/Office-Data/Jobs/Joybiz/Applications/Joybiz/Backend/V3.0/JoyBiz-API-V1.0/app/Http/Middleware/ClientAuthMiddleware.php(47): Laravel\\Lumen\\Routing\\Pipeline->Laravel\\Lumen\\Routing\\{closure}()
#14 /media/hilal/a16cd7f4-d146-4484-97ce-f3f0ba8e9840/Office-Data/Jobs/Joybiz/Applications/Joybiz/Backend/V3.0/JoyBiz-API-V1.0/vendor/illuminate/pipeline/Pipeline.php(180): App\\Http\\Middleware\\ClientAuthMiddleware->handle()
#15 /media/hilal/a16cd7f4-d146-4484-97ce-f3f0ba8e9840/Office-Data/Jobs/Joybiz/Applications/Joybiz/Backend/V3.0/JoyBiz-API-V1.0/vendor/laravel/lumen-framework/src/Routing/Pipeline.php(30): Illuminate\\Pipeline\\Pipeline->Illuminate\\Pipeline\\{closure}()
#16 /media/hilal/a16cd7f4-d146-4484-97ce-f3f0ba8e9840/Office-Data/Jobs/Joybiz/Applications/Joybiz/Backend/V3.0/JoyBiz-API-V1.0/vendor/illuminate/pipeline/Pipeline.php(116): Laravel\\Lumen\\Routing\\Pipeline->Laravel\\Lumen\\Routing\\{closure}()
#17 /media/hilal/a16cd7f4-d146-4484-97ce-f3f0ba8e9840/Office-Data/Jobs/Joybiz/Applications/Joybiz/Backend/V3.0/JoyBiz-API-V1.0/vendor/laravel/lumen-framework/src/Concerns/RoutesRequests.php(428): Illuminate\\Pipeline\\Pipeline->then()
#18 /media/hilal/a16cd7f4-d146-4484-97ce-f3f0ba8e9840/Office-Data/Jobs/Joybiz/Applications/Joybiz/Backend/V3.0/JoyBiz-API-V1.0/vendor/laravel/lumen-framework/src/Concerns/RoutesRequests.php(265): Laravel\\Lumen\\Application->sendThroughPipeline()
#19 /media/hilal/a16cd7f4-d146-4484-97ce-f3f0ba8e9840/Office-Data/Jobs/Joybiz/Applications/Joybiz/Backend/V3.0/JoyBiz-API-V1.0/vendor/laravel/lumen-framework/src/Concerns/RoutesRequests.php(171): Laravel\\Lumen\\Application->handleFoundRoute()
#20 /media/hilal/a16cd7f4-d146-4484-97ce-f3f0ba8e9840/Office-Data/Jobs/Joybiz/Applications/Joybiz/Backend/V3.0/JoyBiz-API-V1.0/vendor/laravel/lumen-framework/src/Concerns/RoutesRequests.php(431): Laravel\\Lumen\\Application->Laravel\\Lumen\\Concerns\\{closure}()
#21 /media/hilal/a16cd7f4-d146-4484-97ce-f3f0ba8e9840/Office-Data/Jobs/Joybiz/Applications/Joybiz/Backend/V3.0/JoyBiz-API-V1.0/vendor/laravel/lumen-framework/src/Concerns/RoutesRequests.php(177): Laravel\\Lumen\\Application->sendThroughPipeline()
#22 /media/hilal/a16cd7f4-d146-4484-97ce-f3f0ba8e9840/Office-Data/Jobs/Joybiz/Applications/Joybiz/Backend/V3.0/JoyBiz-API-V1.0/vendor/laravel/lumen-framework/src/Concerns/RoutesRequests.php(112): Laravel\\Lumen\\Application->dispatch()
#23 /media/hilal/a16cd7f4-d146-4484-97ce-f3f0ba8e9840/Office-Data/Jobs/Joybiz/Applications/Joybiz/Backend/V3.0/JoyBiz-API-V1.0/public/index.php(28): Laravel\\Lumen\\Application->run()
#24 {main}
"} 
