[2023-09-19 06:10:15] local.ERROR: Unable to resolve dependency [Parameter #1 [ <required> $uuids ]] in class App\Http\Controllers\Orders\OrderController {"exception":"[object] (Illuminate\\Contracts\\Container\\BindingResolutionException(code: 0): Unable to resolve dependency [Parameter #1 [ <required> $uuids ]] in class App\\Http\\Controllers\\Orders\\OrderController at /media/hilal/a16cd7f4-d146-4484-97ce-f3f0ba8e9840/Office-Data/Jobs/Joybiz/Applications/Joybiz/Backend/V3.0/JoyBiz-API-V1.0/vendor/illuminate/container/BoundMethod.php:188)
[stacktrace]
#0 /media/hilal/a16cd7f4-d146-4484-97ce-f3f0ba8e9840/Office-Data/Jobs/Joybiz/Applications/Joybiz/Backend/V3.0/JoyBiz-API-V1.0/vendor/illuminate/container/BoundMethod.php(124): Illuminate\\Container\\BoundMethod::addDependencyForCallParameter()
#1 /media/hilal/a16cd7f4-d146-4484-97ce-f3f0ba8e9840/Office-Data/Jobs/Joybiz/Applications/Joybiz/Backend/V3.0/JoyBiz-API-V1.0/vendor/illuminate/container/BoundMethod.php(36): Illuminate\\Container\\BoundMethod::getMethodDependencies()
#2 /media/hilal/a16cd7f4-d146-4484-97ce-f3f0ba8e9840/Office-Data/Jobs/Joybiz/Applications/Joybiz/Backend/V3.0/JoyBiz-API-V1.0/vendor/illuminate/container/Util.php(41): Illuminate\\Container\\BoundMethod::Illuminate\\Container\\{closure}()
#3 /media/hilal/a16cd7f4-d146-4484-97ce-f3f0ba8e9840/Office-Data/Jobs/Joybiz/Applications/Joybiz/Backend/V3.0/JoyBiz-API-V1.0/vendor/illuminate/container/BoundMethod.php(93): Illuminate\\Container\\Util::unwrapIfClosure()
#4 /media/hilal/a16cd7f4-d146-4484-97ce-f3f0ba8e9840/Office-Data/Jobs/Joybiz/Applications/Joybiz/Backend/V3.0/JoyBiz-API-V1.0/vendor/illuminate/container/BoundMethod.php(37): Illuminate\\Container\\BoundMethod::callBoundMethod()
#5 /media/hilal/a16cd7f4-d146-4484-97ce-f3f0ba8e9840/Office-Data/Jobs/Joybiz/Applications/Joybiz/Backend/V3.0/JoyBiz-API-V1.0/vendor/illuminate/container/Container.php(661): Illuminate\\Container\\BoundMethod::call()
#6 /media/hilal/a16cd7f4-d146-4484-97ce-f3f0ba8e9840/Office-Data/Jobs/Joybiz/Applications/Joybiz/Backend/V3.0/JoyBiz-API-V1.0/vendor/laravel/lumen-framework/src/Concerns/RoutesRequests.php(391): Illuminate\\Container\\Container->call()
#7 /media/hilal/a16cd7f4-d146-4484-97ce-f3f0ba8e9840/Office-Data/Jobs/Joybiz/Applications/Joybiz/Backend/V3.0/JoyBiz-API-V1.0/vendor/laravel/lumen-framework/src/Concerns/RoutesRequests.php(357): Laravel\\Lumen\\Application->callControllerCallable()
#8 /media/hilal/a16cd7f4-d146-4484-97ce-f3f0ba8e9840/Office-Data/Jobs/Joybiz/Applications/Joybiz/Backend/V3.0/JoyBiz-API-V1.0/vendor/laravel/lumen-framework/src/Concerns/RoutesRequests.php(331): Laravel\\Lumen\\Application->callLumenController()
#9 /media/hilal/a16cd7f4-d146-4484-97ce-f3f0ba8e9840/Office-Data/Jobs/Joybiz/Applications/Joybiz/Backend/V3.0/JoyBiz-API-V1.0/vendor/laravel/lumen-framework/src/Concerns/RoutesRequests.php(284): Laravel\\Lumen\\Application->callControllerAction()
#10 /media/hilal/a16cd7f4-d146-4484-97ce-f3f0ba8e9840/Office-Data/Jobs/Joybiz/Applications/Joybiz/Backend/V3.0/JoyBiz-API-V1.0/vendor/laravel/lumen-framework/src/Concerns/RoutesRequests.php(264): Laravel\\Lumen\\Application->callActionOnArrayBasedRoute()
#11 /media/hilal/a16cd7f4-d146-4484-97ce-f3f0ba8e9840/Office-Data/Jobs/Joybiz/Applications/Joybiz/Backend/V3.0/JoyBiz-API-V1.0/vendor/laravel/lumen-framework/src/Routing/Pipeline.php(48): Laravel\\Lumen\\Application->Laravel\\Lumen\\Concerns\\{closure}()
#12 /media/hilal/a16cd7f4-d146-4484-97ce-f3f0ba8e9840/Office-Data/Jobs/Joybiz/Applications/Joybiz/Backend/V3.0/JoyBiz-API-V1.0/app/Http/Middleware/ClientAuthMiddleware.php(47): Laravel\\Lumen\\Routing\\Pipeline->Laravel\\Lumen\\Routing\\{closure}()
#13 /media/hilal/a16cd7f4-d146-4484-97ce-f3f0ba8e9840/Office-Data/Jobs/Joybiz/Applications/Joybiz/Backend/V3.0/JoyBiz-API-V1.0/vendor/illuminate/pipeline/Pipeline.php(180): App\\Http\\Middleware\\ClientAuthMiddleware->handle()
#14 /media/hilal/a16cd7f4-d146-4484-97ce-f3f0ba8e9840/Office-Data/Jobs/Joybiz/Applications/Joybiz/Backend/V3.0/JoyBiz-API-V1.0/vendor/laravel/lumen-framework/src/Routing/Pipeline.php(30): Illuminate\\Pipeline\\Pipeline->Illuminate\\Pipeline\\{closure}()
#15 /media/hilal/a16cd7f4-d146-4484-97ce-f3f0ba8e9840/Office-Data/Jobs/Joybiz/Applications/Joybiz/Backend/V3.0/JoyBiz-API-V1.0/vendor/illuminate/pipeline/Pipeline.php(116): Laravel\\Lumen\\Routing\\Pipeline->Laravel\\Lumen\\Routing\\{closure}()
#16 /media/hilal/a16cd7f4-d146-4484-97ce-f3f0ba8e9840/Office-Data/Jobs/Joybiz/Applications/Joybiz/Backend/V3.0/JoyBiz-API-V1.0/vendor/laravel/lumen-framework/src/Concerns/RoutesRequests.php(428): Illuminate\\Pipeline\\Pipeline->then()
#17 /media/hilal/a16cd7f4-d146-4484-97ce-f3f0ba8e9840/Office-Data/Jobs/Joybiz/Applications/Joybiz/Backend/V3.0/JoyBiz-API-V1.0/vendor/laravel/lumen-framework/src/Concerns/RoutesRequests.php(265): Laravel\\Lumen\\Application->sendThroughPipeline()
#18 /media/hilal/a16cd7f4-d146-4484-97ce-f3f0ba8e9840/Office-Data/Jobs/Joybiz/Applications/Joybiz/Backend/V3.0/JoyBiz-API-V1.0/vendor/laravel/lumen-framework/src/Concerns/RoutesRequests.php(171): Laravel\\Lumen\\Application->handleFoundRoute()
#19 /media/hilal/a16cd7f4-d146-4484-97ce-f3f0ba8e9840/Office-Data/Jobs/Joybiz/Applications/Joybiz/Backend/V3.0/JoyBiz-API-V1.0/vendor/laravel/lumen-framework/src/Concerns/RoutesRequests.php(431): Laravel\\Lumen\\Application->Laravel\\Lumen\\Concerns\\{closure}()
#20 /media/hilal/a16cd7f4-d146-4484-97ce-f3f0ba8e9840/Office-Data/Jobs/Joybiz/Applications/Joybiz/Backend/V3.0/JoyBiz-API-V1.0/vendor/laravel/lumen-framework/src/Concerns/RoutesRequests.php(177): Laravel\\Lumen\\Application->sendThroughPipeline()
#21 /media/hilal/a16cd7f4-d146-4484-97ce-f3f0ba8e9840/Office-Data/Jobs/Joybiz/Applications/Joybiz/Backend/V3.0/JoyBiz-API-V1.0/vendor/laravel/lumen-framework/src/Concerns/RoutesRequests.php(112): Laravel\\Lumen\\Application->dispatch()
#22 /media/hilal/a16cd7f4-d146-4484-97ce-f3f0ba8e9840/Office-Data/Jobs/Joybiz/Applications/Joybiz/Backend/V3.0/JoyBiz-API-V1.0/public/index.php(28): Laravel\\Lumen\\Application->run()
#23 {main}
"} 
[2023-09-19 06:11:00] local.ERROR: Unable to resolve dependency [Parameter #1 [ <required> $uuids ]] in class App\Http\Controllers\Orders\OrderController {"exception":"[object] (Illuminate\\Contracts\\Container\\BindingResolutionException(code: 0): Unable to resolve dependency [Parameter #1 [ <required> $uuids ]] in class App\\Http\\Controllers\\Orders\\OrderController at /media/hilal/a16cd7f4-d146-4484-97ce-f3f0ba8e9840/Office-Data/Jobs/Joybiz/Applications/Joybiz/Backend/V3.0/JoyBiz-API-V1.0/vendor/illuminate/container/BoundMethod.php:188)
[stacktrace]
#0 /media/hilal/a16cd7f4-d146-4484-97ce-f3f0ba8e9840/Office-Data/Jobs/Joybiz/Applications/Joybiz/Backend/V3.0/JoyBiz-API-V1.0/vendor/illuminate/container/BoundMethod.php(124): Illuminate\\Container\\BoundMethod::addDependencyForCallParameter()
#1 /media/hilal/a16cd7f4-d146-4484-97ce-f3f0ba8e9840/Office-Data/Jobs/Joybiz/Applications/Joybiz/Backend/V3.0/JoyBiz-API-V1.0/vendor/illuminate/container/BoundMethod.php(36): Illuminate\\Container\\BoundMethod::getMethodDependencies()
#2 /media/hilal/a16cd7f4-d146-4484-97ce-f3f0ba8e9840/Office-Data/Jobs/Joybiz/Applications/Joybiz/Backend/V3.0/JoyBiz-API-V1.0/vendor/illuminate/container/Util.php(41): Illuminate\\Container\\BoundMethod::Illuminate\\Container\\{closure}()
#3 /media/hilal/a16cd7f4-d146-4484-97ce-f3f0ba8e9840/Office-Data/Jobs/Joybiz/Applications/Joybiz/Backend/V3.0/JoyBiz-API-V1.0/vendor/illuminate/container/BoundMethod.php(93): Illuminate\\Container\\Util::unwrapIfClosure()
#4 /media/hilal/a16cd7f4-d146-4484-97ce-f3f0ba8e9840/Office-Data/Jobs/Joybiz/Applications/Joybiz/Backend/V3.0/JoyBiz-API-V1.0/vendor/illuminate/container/BoundMethod.php(37): Illuminate\\Container\\BoundMethod::callBoundMethod()
#5 /media/hilal/a16cd7f4-d146-4484-97ce-f3f0ba8e9840/Office-Data/Jobs/Joybiz/Applications/Joybiz/Backend/V3.0/JoyBiz-API-V1.0/vendor/illuminate/container/Container.php(661): Illuminate\\Container\\BoundMethod::call()
#6 /media/hilal/a16cd7f4-d146-4484-97ce-f3f0ba8e9840/Office-Data/Jobs/Joybiz/Applications/Joybiz/Backend/V3.0/JoyBiz-API-V1.0/vendor/laravel/lumen-framework/src/Concerns/RoutesRequests.php(391): Illuminate\\Container\\Container->call()
#7 /media/hilal/a16cd7f4-d146-4484-97ce-f3f0ba8e9840/Office-Data/Jobs/Joybiz/Applications/Joybiz/Backend/V3.0/JoyBiz-API-V1.0/vendor/laravel/lumen-framework/src/Concerns/RoutesRequests.php(357): Laravel\\Lumen\\Application->callControllerCallable()
#8 /media/hilal/a16cd7f4-d146-4484-97ce-f3f0ba8e9840/Office-Data/Jobs/Joybiz/Applications/Joybiz/Backend/V3.0/JoyBiz-API-V1.0/vendor/laravel/lumen-framework/src/Concerns/RoutesRequests.php(331): Laravel\\Lumen\\Application->callLumenController()
#9 /media/hilal/a16cd7f4-d146-4484-97ce-f3f0ba8e9840/Office-Data/Jobs/Joybiz/Applications/Joybiz/Backend/V3.0/JoyBiz-API-V1.0/vendor/laravel/lumen-framework/src/Concerns/RoutesRequests.php(284): Laravel\\Lumen\\Application->callControllerAction()
#10 /media/hilal/a16cd7f4-d146-4484-97ce-f3f0ba8e9840/Office-Data/Jobs/Joybiz/Applications/Joybiz/Backend/V3.0/JoyBiz-API-V1.0/vendor/laravel/lumen-framework/src/Concerns/RoutesRequests.php(264): Laravel\\Lumen\\Application->callActionOnArrayBasedRoute()
#11 /media/hilal/a16cd7f4-d146-4484-97ce-f3f0ba8e9840/Office-Data/Jobs/Joybiz/Applications/Joybiz/Backend/V3.0/JoyBiz-API-V1.0/vendor/laravel/lumen-framework/src/Routing/Pipeline.php(48): Laravel\\Lumen\\Application->Laravel\\Lumen\\Concerns\\{closure}()
#12 /media/hilal/a16cd7f4-d146-4484-97ce-f3f0ba8e9840/Office-Data/Jobs/Joybiz/Applications/Joybiz/Backend/V3.0/JoyBiz-API-V1.0/app/Http/Middleware/ClientAuthMiddleware.php(47): Laravel\\Lumen\\Routing\\Pipeline->Laravel\\Lumen\\Routing\\{closure}()
#13 /media/hilal/a16cd7f4-d146-4484-97ce-f3f0ba8e9840/Office-Data/Jobs/Joybiz/Applications/Joybiz/Backend/V3.0/JoyBiz-API-V1.0/vendor/illuminate/pipeline/Pipeline.php(180): App\\Http\\Middleware\\ClientAuthMiddleware->handle()
#14 /media/hilal/a16cd7f4-d146-4484-97ce-f3f0ba8e9840/Office-Data/Jobs/Joybiz/Applications/Joybiz/Backend/V3.0/JoyBiz-API-V1.0/vendor/laravel/lumen-framework/src/Routing/Pipeline.php(30): Illuminate\\Pipeline\\Pipeline->Illuminate\\Pipeline\\{closure}()
#15 /media/hilal/a16cd7f4-d146-4484-97ce-f3f0ba8e9840/Office-Data/Jobs/Joybiz/Applications/Joybiz/Backend/V3.0/JoyBiz-API-V1.0/vendor/illuminate/pipeline/Pipeline.php(116): Laravel\\Lumen\\Routing\\Pipeline->Laravel\\Lumen\\Routing\\{closure}()
#16 /media/hilal/a16cd7f4-d146-4484-97ce-f3f0ba8e9840/Office-Data/Jobs/Joybiz/Applications/Joybiz/Backend/V3.0/JoyBiz-API-V1.0/vendor/laravel/lumen-framework/src/Concerns/RoutesRequests.php(428): Illuminate\\Pipeline\\Pipeline->then()
#17 /media/hilal/a16cd7f4-d146-4484-97ce-f3f0ba8e9840/Office-Data/Jobs/Joybiz/Applications/Joybiz/Backend/V3.0/JoyBiz-API-V1.0/vendor/laravel/lumen-framework/src/Concerns/RoutesRequests.php(265): Laravel\\Lumen\\Application->sendThroughPipeline()
#18 /media/hilal/a16cd7f4-d146-4484-97ce-f3f0ba8e9840/Office-Data/Jobs/Joybiz/Applications/Joybiz/Backend/V3.0/JoyBiz-API-V1.0/vendor/laravel/lumen-framework/src/Concerns/RoutesRequests.php(171): Laravel\\Lumen\\Application->handleFoundRoute()
#19 /media/hilal/a16cd7f4-d146-4484-97ce-f3f0ba8e9840/Office-Data/Jobs/Joybiz/Applications/Joybiz/Backend/V3.0/JoyBiz-API-V1.0/vendor/laravel/lumen-framework/src/Concerns/RoutesRequests.php(431): Laravel\\Lumen\\Application->Laravel\\Lumen\\Concerns\\{closure}()
#20 /media/hilal/a16cd7f4-d146-4484-97ce-f3f0ba8e9840/Office-Data/Jobs/Joybiz/Applications/Joybiz/Backend/V3.0/JoyBiz-API-V1.0/vendor/laravel/lumen-framework/src/Concerns/RoutesRequests.php(177): Laravel\\Lumen\\Application->sendThroughPipeline()
#21 /media/hilal/a16cd7f4-d146-4484-97ce-f3f0ba8e9840/Office-Data/Jobs/Joybiz/Applications/Joybiz/Backend/V3.0/JoyBiz-API-V1.0/vendor/laravel/lumen-framework/src/Concerns/RoutesRequests.php(112): Laravel\\Lumen\\Application->dispatch()
#22 /media/hilal/a16cd7f4-d146-4484-97ce-f3f0ba8e9840/Office-Data/Jobs/Joybiz/Applications/Joybiz/Backend/V3.0/JoyBiz-API-V1.0/public/index.php(28): Laravel\\Lumen\\Application->run()
#23 {main}
"} 
[2023-09-19 10:19:23] local.ERROR: syntax error, unexpected token ";", expecting variable or "{" or "$" {"exception":"[object] (ParseError(code: 0): syntax error, unexpected token \";\", expecting variable or \"{\" or \"$\" at /media/hilal/a16cd7f4-d146-4484-97ce-f3f0ba8e9840/Office-Data/Jobs/Joybiz/Applications/Joybiz/Backend/V3.0/JoyBiz-API-V1.0/app/Services/Orders/OrderApprovalService.php:38)
[stacktrace]
#0 /media/hilal/a16cd7f4-d146-4484-97ce-f3f0ba8e9840/Office-Data/Jobs/Joybiz/Applications/Joybiz/Backend/V3.0/JoyBiz-API-V1.0/vendor/composer/ClassLoader.php(427): Composer\\Autoload\\{closure}()
#1 [internal function]: Composer\\Autoload\\ClassLoader->loadClass()
#2 /media/hilal/a16cd7f4-d146-4484-97ce-f3f0ba8e9840/Office-Data/Jobs/Joybiz/Applications/Joybiz/Backend/V3.0/JoyBiz-API-V1.0/vendor/illuminate/container/Container.php(889): ReflectionClass->__construct()
#3 /media/hilal/a16cd7f4-d146-4484-97ce-f3f0ba8e9840/Office-Data/Jobs/Joybiz/Applications/Joybiz/Backend/V3.0/JoyBiz-API-V1.0/vendor/illuminate/container/Container.php(770): Illuminate\\Container\\Container->build()
#4 /media/hilal/a16cd7f4-d146-4484-97ce-f3f0ba8e9840/Office-Data/Jobs/Joybiz/Applications/Joybiz/Backend/V3.0/JoyBiz-API-V1.0/vendor/illuminate/container/Container.php(706): Illuminate\\Container\\Container->resolve()
#5 /media/hilal/a16cd7f4-d146-4484-97ce-f3f0ba8e9840/Office-Data/Jobs/Joybiz/Applications/Joybiz/Backend/V3.0/JoyBiz-API-V1.0/vendor/laravel/lumen-framework/src/Application.php(327): Illuminate\\Container\\Container->make()
#6 /media/hilal/a16cd7f4-d146-4484-97ce-f3f0ba8e9840/Office-Data/Jobs/Joybiz/Applications/Joybiz/Backend/V3.0/JoyBiz-API-V1.0/vendor/illuminate/container/Container.php(1043): Laravel\\Lumen\\Application->make()
#7 /media/hilal/a16cd7f4-d146-4484-97ce-f3f0ba8e9840/Office-Data/Jobs/Joybiz/Applications/Joybiz/Backend/V3.0/JoyBiz-API-V1.0/vendor/illuminate/container/Container.php(959): Illuminate\\Container\\Container->resolveClass()
#8 /media/hilal/a16cd7f4-d146-4484-97ce-f3f0ba8e9840/Office-Data/Jobs/Joybiz/Applications/Joybiz/Backend/V3.0/JoyBiz-API-V1.0/vendor/illuminate/container/Container.php(920): Illuminate\\Container\\Container->resolveDependencies()
#9 /media/hilal/a16cd7f4-d146-4484-97ce-f3f0ba8e9840/Office-Data/Jobs/Joybiz/Applications/Joybiz/Backend/V3.0/JoyBiz-API-V1.0/vendor/illuminate/container/Container.php(770): Illuminate\\Container\\Container->build()
#10 /media/hilal/a16cd7f4-d146-4484-97ce-f3f0ba8e9840/Office-Data/Jobs/Joybiz/Applications/Joybiz/Backend/V3.0/JoyBiz-API-V1.0/vendor/illuminate/container/Container.php(706): Illuminate\\Container\\Container->resolve()
#11 /media/hilal/a16cd7f4-d146-4484-97ce-f3f0ba8e9840/Office-Data/Jobs/Joybiz/Applications/Joybiz/Backend/V3.0/JoyBiz-API-V1.0/vendor/laravel/lumen-framework/src/Application.php(327): Illuminate\\Container\\Container->make()
#12 /media/hilal/a16cd7f4-d146-4484-97ce-f3f0ba8e9840/Office-Data/Jobs/Joybiz/Applications/Joybiz/Backend/V3.0/JoyBiz-API-V1.0/vendor/laravel/lumen-framework/src/Concerns/RoutesRequests.php(326): Laravel\\Lumen\\Application->make()
#13 /media/hilal/a16cd7f4-d146-4484-97ce-f3f0ba8e9840/Office-Data/Jobs/Joybiz/Applications/Joybiz/Backend/V3.0/JoyBiz-API-V1.0/vendor/laravel/lumen-framework/src/Concerns/RoutesRequests.php(284): Laravel\\Lumen\\Application->callControllerAction()
#14 /media/hilal/a16cd7f4-d146-4484-97ce-f3f0ba8e9840/Office-Data/Jobs/Joybiz/Applications/Joybiz/Backend/V3.0/JoyBiz-API-V1.0/vendor/laravel/lumen-framework/src/Concerns/RoutesRequests.php(264): Laravel\\Lumen\\Application->callActionOnArrayBasedRoute()
#15 /media/hilal/a16cd7f4-d146-4484-97ce-f3f0ba8e9840/Office-Data/Jobs/Joybiz/Applications/Joybiz/Backend/V3.0/JoyBiz-API-V1.0/vendor/laravel/lumen-framework/src/Routing/Pipeline.php(48): Laravel\\Lumen\\Application->Laravel\\Lumen\\Concerns\\{closure}()
#16 /media/hilal/a16cd7f4-d146-4484-97ce-f3f0ba8e9840/Office-Data/Jobs/Joybiz/Applications/Joybiz/Backend/V3.0/JoyBiz-API-V1.0/app/Http/Middleware/ClientAuthMiddleware.php(47): Laravel\\Lumen\\Routing\\Pipeline->Laravel\\Lumen\\Routing\\{closure}()
#17 /media/hilal/a16cd7f4-d146-4484-97ce-f3f0ba8e9840/Office-Data/Jobs/Joybiz/Applications/Joybiz/Backend/V3.0/JoyBiz-API-V1.0/vendor/illuminate/pipeline/Pipeline.php(180): App\\Http\\Middleware\\ClientAuthMiddleware->handle()
#18 /media/hilal/a16cd7f4-d146-4484-97ce-f3f0ba8e9840/Office-Data/Jobs/Joybiz/Applications/Joybiz/Backend/V3.0/JoyBiz-API-V1.0/vendor/laravel/lumen-framework/src/Routing/Pipeline.php(30): Illuminate\\Pipeline\\Pipeline->Illuminate\\Pipeline\\{closure}()
#19 /media/hilal/a16cd7f4-d146-4484-97ce-f3f0ba8e9840/Office-Data/Jobs/Joybiz/Applications/Joybiz/Backend/V3.0/JoyBiz-API-V1.0/vendor/illuminate/pipeline/Pipeline.php(116): Laravel\\Lumen\\Routing\\Pipeline->Laravel\\Lumen\\Routing\\{closure}()
#20 /media/hilal/a16cd7f4-d146-4484-97ce-f3f0ba8e9840/Office-Data/Jobs/Joybiz/Applications/Joybiz/Backend/V3.0/JoyBiz-API-V1.0/vendor/laravel/lumen-framework/src/Concerns/RoutesRequests.php(428): Illuminate\\Pipeline\\Pipeline->then()
#21 /media/hilal/a16cd7f4-d146-4484-97ce-f3f0ba8e9840/Office-Data/Jobs/Joybiz/Applications/Joybiz/Backend/V3.0/JoyBiz-API-V1.0/vendor/laravel/lumen-framework/src/Concerns/RoutesRequests.php(265): Laravel\\Lumen\\Application->sendThroughPipeline()
#22 /media/hilal/a16cd7f4-d146-4484-97ce-f3f0ba8e9840/Office-Data/Jobs/Joybiz/Applications/Joybiz/Backend/V3.0/JoyBiz-API-V1.0/vendor/laravel/lumen-framework/src/Concerns/RoutesRequests.php(171): Laravel\\Lumen\\Application->handleFoundRoute()
#23 /media/hilal/a16cd7f4-d146-4484-97ce-f3f0ba8e9840/Office-Data/Jobs/Joybiz/Applications/Joybiz/Backend/V3.0/JoyBiz-API-V1.0/vendor/laravel/lumen-framework/src/Concerns/RoutesRequests.php(431): Laravel\\Lumen\\Application->Laravel\\Lumen\\Concerns\\{closure}()
#24 /media/hilal/a16cd7f4-d146-4484-97ce-f3f0ba8e9840/Office-Data/Jobs/Joybiz/Applications/Joybiz/Backend/V3.0/JoyBiz-API-V1.0/vendor/laravel/lumen-framework/src/Concerns/RoutesRequests.php(177): Laravel\\Lumen\\Application->sendThroughPipeline()
#25 /media/hilal/a16cd7f4-d146-4484-97ce-f3f0ba8e9840/Office-Data/Jobs/Joybiz/Applications/Joybiz/Backend/V3.0/JoyBiz-API-V1.0/vendor/laravel/lumen-framework/src/Concerns/RoutesRequests.php(112): Laravel\\Lumen\\Application->dispatch()
#26 /media/hilal/a16cd7f4-d146-4484-97ce-f3f0ba8e9840/Office-Data/Jobs/Joybiz/Applications/Joybiz/Backend/V3.0/JoyBiz-API-V1.0/public/index.php(28): Laravel\\Lumen\\Application->run()
#27 {main}
"} 
