[2023-09-08 04:03:12] local.ERROR: SQLSTATE[42804]: Datatype mismatch: 7 ERROR:  foreign key constraint "order_shipping_temp_member_shipping_address_uuid_foreign" cannot be implemented
DETAIL:  Key columns "member_shipping_address_uuid" and "uuid" are of incompatible types: character varying and uuid. (SQL: alter table "order_shipping_temp" add constraint "order_shipping_temp_member_shipping_address_uuid_foreign" foreign key ("member_shipping_address_uuid") references "member_shipping_addresses" ("uuid") on delete cascade) {"exception":"[object] (Illuminate\\Database\\QueryException(code: 42804): SQLSTATE[42804]: Datatype mismatch: 7 ERROR:  foreign key constraint \"order_shipping_temp_member_shipping_address_uuid_foreign\" cannot be implemented
DETAIL:  Key columns \"member_shipping_address_uuid\" and \"uuid\" are of incompatible types: character varying and uuid. (SQL: alter table \"order_shipping_temp\" add constraint \"order_shipping_temp_member_shipping_address_uuid_foreign\" foreign key (\"member_shipping_address_uuid\") references \"member_shipping_addresses\" (\"uuid\") on delete cascade) at /media/hilal/a16cd7f4-d146-4484-97ce-f3f0ba8e9840/Office-Data/Jobs/Joybiz/Applications/Joybiz/Backend/V3.0/JoyBiz-API-V1.0/vendor/illuminate/database/Connection.php:760)
[stacktrace]
#0 /media/hilal/a16cd7f4-d146-4484-97ce-f3f0ba8e9840/Office-Data/Jobs/Joybiz/Applications/Joybiz/Backend/V3.0/JoyBiz-API-V1.0/vendor/illuminate/database/Connection.php(720): Illuminate\\Database\\Connection->runQueryCallback()
#1 /media/hilal/a16cd7f4-d146-4484-97ce-f3f0ba8e9840/Office-Data/Jobs/Joybiz/Applications/Joybiz/Backend/V3.0/JoyBiz-API-V1.0/vendor/illuminate/database/Connection.php(546): Illuminate\\Database\\Connection->run()
#2 /media/hilal/a16cd7f4-d146-4484-97ce-f3f0ba8e9840/Office-Data/Jobs/Joybiz/Applications/Joybiz/Backend/V3.0/JoyBiz-API-V1.0/vendor/illuminate/database/Schema/Blueprint.php(109): Illuminate\\Database\\Connection->statement()
#3 /media/hilal/a16cd7f4-d146-4484-97ce-f3f0ba8e9840/Office-Data/Jobs/Joybiz/Applications/Joybiz/Backend/V3.0/JoyBiz-API-V1.0/vendor/illuminate/database/Schema/Builder.php(439): Illuminate\\Database\\Schema\\Blueprint->build()
#4 /media/hilal/a16cd7f4-d146-4484-97ce-f3f0ba8e9840/Office-Data/Jobs/Joybiz/Applications/Joybiz/Backend/V3.0/JoyBiz-API-V1.0/vendor/illuminate/database/Schema/Builder.php(269): Illuminate\\Database\\Schema\\Builder->build()
#5 /media/hilal/a16cd7f4-d146-4484-97ce-f3f0ba8e9840/Office-Data/Jobs/Joybiz/Applications/Joybiz/Backend/V3.0/JoyBiz-API-V1.0/vendor/illuminate/support/Facades/Facade.php(338): Illuminate\\Database\\Schema\\Builder->table()
#6 /media/hilal/a16cd7f4-d146-4484-97ce-f3f0ba8e9840/Office-Data/Jobs/Joybiz/Applications/Joybiz/Backend/V3.0/JoyBiz-API-V1.0/database/migrations/2023_09_08_035741_add_field_member_address_in_order_shipping_table.php(19): Illuminate\\Support\\Facades\\Facade::__callStatic()
#7 /media/hilal/a16cd7f4-d146-4484-97ce-f3f0ba8e9840/Office-Data/Jobs/Joybiz/Applications/Joybiz/Backend/V3.0/JoyBiz-API-V1.0/vendor/illuminate/database/Migrations/Migrator.php(488): Illuminate\\Database\\Migrations\\Migration@anonymous->up()
#8 /media/hilal/a16cd7f4-d146-4484-97ce-f3f0ba8e9840/Office-Data/Jobs/Joybiz/Applications/Joybiz/Backend/V3.0/JoyBiz-API-V1.0/vendor/illuminate/database/Migrations/Migrator.php(406): Illuminate\\Database\\Migrations\\Migrator->runMethod()
#9 /media/hilal/a16cd7f4-d146-4484-97ce-f3f0ba8e9840/Office-Data/Jobs/Joybiz/Applications/Joybiz/Backend/V3.0/JoyBiz-API-V1.0/vendor/illuminate/database/Concerns/ManagesTransactions.php(30): Illuminate\\Database\\Migrations\\Migrator->Illuminate\\Database\\Migrations\\{closure}()
#10 /media/hilal/a16cd7f4-d146-4484-97ce-f3f0ba8e9840/Office-Data/Jobs/Joybiz/Applications/Joybiz/Backend/V3.0/JoyBiz-API-V1.0/vendor/illuminate/database/Migrations/Migrator.php(414): Illuminate\\Database\\Connection->transaction()
#11 /media/hilal/a16cd7f4-d146-4484-97ce-f3f0ba8e9840/Office-Data/Jobs/Joybiz/Applications/Joybiz/Backend/V3.0/JoyBiz-API-V1.0/vendor/illuminate/database/Migrations/Migrator.php(216): Illuminate\\Database\\Migrations\\Migrator->runMigration()
#12 /media/hilal/a16cd7f4-d146-4484-97ce-f3f0ba8e9840/Office-Data/Jobs/Joybiz/Applications/Joybiz/Backend/V3.0/JoyBiz-API-V1.0/vendor/illuminate/console/View/Components/Task.php(37): Illuminate\\Database\\Migrations\\Migrator->Illuminate\\Database\\Migrations\\{closure}()
#13 /media/hilal/a16cd7f4-d146-4484-97ce-f3f0ba8e9840/Office-Data/Jobs/Joybiz/Applications/Joybiz/Backend/V3.0/JoyBiz-API-V1.0/vendor/illuminate/database/Migrations/Migrator.php(751): Illuminate\\Console\\View\\Components\\Task->render()
#14 /media/hilal/a16cd7f4-d146-4484-97ce-f3f0ba8e9840/Office-Data/Jobs/Joybiz/Applications/Joybiz/Backend/V3.0/JoyBiz-API-V1.0/vendor/illuminate/database/Migrations/Migrator.php(216): Illuminate\\Database\\Migrations\\Migrator->write()
#15 /media/hilal/a16cd7f4-d146-4484-97ce-f3f0ba8e9840/Office-Data/Jobs/Joybiz/Applications/Joybiz/Backend/V3.0/JoyBiz-API-V1.0/vendor/illuminate/database/Migrations/Migrator.php(181): Illuminate\\Database\\Migrations\\Migrator->runUp()
#16 /media/hilal/a16cd7f4-d146-4484-97ce-f3f0ba8e9840/Office-Data/Jobs/Joybiz/Applications/Joybiz/Backend/V3.0/JoyBiz-API-V1.0/vendor/illuminate/database/Migrations/Migrator.php(124): Illuminate\\Database\\Migrations\\Migrator->runPending()
#17 /media/hilal/a16cd7f4-d146-4484-97ce-f3f0ba8e9840/Office-Data/Jobs/Joybiz/Applications/Joybiz/Backend/V3.0/JoyBiz-API-V1.0/vendor/illuminate/database/Console/Migrations/MigrateCommand.php(90): Illuminate\\Database\\Migrations\\Migrator->run()
#18 /media/hilal/a16cd7f4-d146-4484-97ce-f3f0ba8e9840/Office-Data/Jobs/Joybiz/Applications/Joybiz/Backend/V3.0/JoyBiz-API-V1.0/vendor/illuminate/database/Migrations/Migrator.php(628): Illuminate\\Database\\Console\\Migrations\\MigrateCommand->Illuminate\\Database\\Console\\Migrations\\{closure}()
#19 /media/hilal/a16cd7f4-d146-4484-97ce-f3f0ba8e9840/Office-Data/Jobs/Joybiz/Applications/Joybiz/Backend/V3.0/JoyBiz-API-V1.0/vendor/illuminate/database/Console/Migrations/MigrateCommand.php(102): Illuminate\\Database\\Migrations\\Migrator->usingConnection()
#20 /media/hilal/a16cd7f4-d146-4484-97ce-f3f0ba8e9840/Office-Data/Jobs/Joybiz/Applications/Joybiz/Backend/V3.0/JoyBiz-API-V1.0/vendor/illuminate/container/BoundMethod.php(36): Illuminate\\Database\\Console\\Migrations\\MigrateCommand->handle()
#21 /media/hilal/a16cd7f4-d146-4484-97ce-f3f0ba8e9840/Office-Data/Jobs/Joybiz/Applications/Joybiz/Backend/V3.0/JoyBiz-API-V1.0/vendor/illuminate/container/Util.php(41): Illuminate\\Container\\BoundMethod::Illuminate\\Container\\{closure}()
#22 /media/hilal/a16cd7f4-d146-4484-97ce-f3f0ba8e9840/Office-Data/Jobs/Joybiz/Applications/Joybiz/Backend/V3.0/JoyBiz-API-V1.0/vendor/illuminate/container/BoundMethod.php(93): Illuminate\\Container\\Util::unwrapIfClosure()
#23 /media/hilal/a16cd7f4-d146-4484-97ce-f3f0ba8e9840/Office-Data/Jobs/Joybiz/Applications/Joybiz/Backend/V3.0/JoyBiz-API-V1.0/vendor/illuminate/container/BoundMethod.php(37): Illuminate\\Container\\BoundMethod::callBoundMethod()
#24 /media/hilal/a16cd7f4-d146-4484-97ce-f3f0ba8e9840/Office-Data/Jobs/Joybiz/Applications/Joybiz/Backend/V3.0/JoyBiz-API-V1.0/vendor/illuminate/container/Container.php(661): Illuminate\\Container\\BoundMethod::call()
#25 /media/hilal/a16cd7f4-d146-4484-97ce-f3f0ba8e9840/Office-Data/Jobs/Joybiz/Applications/Joybiz/Backend/V3.0/JoyBiz-API-V1.0/vendor/illuminate/console/Command.php(183): Illuminate\\Container\\Container->call()
#26 /media/hilal/a16cd7f4-d146-4484-97ce-f3f0ba8e9840/Office-Data/Jobs/Joybiz/Applications/Joybiz/Backend/V3.0/JoyBiz-API-V1.0/vendor/symfony/console/Command/Command.php(326): Illuminate\\Console\\Command->execute()
#27 /media/hilal/a16cd7f4-d146-4484-97ce-f3f0ba8e9840/Office-Data/Jobs/Joybiz/Applications/Joybiz/Backend/V3.0/JoyBiz-API-V1.0/vendor/illuminate/console/Command.php(153): Symfony\\Component\\Console\\Command\\Command->run()
#28 /media/hilal/a16cd7f4-d146-4484-97ce-f3f0ba8e9840/Office-Data/Jobs/Joybiz/Applications/Joybiz/Backend/V3.0/JoyBiz-API-V1.0/vendor/symfony/console/Application.php(1063): Illuminate\\Console\\Command->run()
#29 /media/hilal/a16cd7f4-d146-4484-97ce-f3f0ba8e9840/Office-Data/Jobs/Joybiz/Applications/Joybiz/Backend/V3.0/JoyBiz-API-V1.0/vendor/symfony/console/Application.php(320): Symfony\\Component\\Console\\Application->doRunCommand()
#30 /media/hilal/a16cd7f4-d146-4484-97ce-f3f0ba8e9840/Office-Data/Jobs/Joybiz/Applications/Joybiz/Backend/V3.0/JoyBiz-API-V1.0/vendor/symfony/console/Application.php(174): Symfony\\Component\\Console\\Application->doRun()
#31 /media/hilal/a16cd7f4-d146-4484-97ce-f3f0ba8e9840/Office-Data/Jobs/Joybiz/Applications/Joybiz/Backend/V3.0/JoyBiz-API-V1.0/vendor/illuminate/console/Application.php(102): Symfony\\Component\\Console\\Application->run()
#32 /media/hilal/a16cd7f4-d146-4484-97ce-f3f0ba8e9840/Office-Data/Jobs/Joybiz/Applications/Joybiz/Backend/V3.0/JoyBiz-API-V1.0/vendor/laravel/lumen-framework/src/Console/Kernel.php(116): Illuminate\\Console\\Application->run()
#33 /media/hilal/a16cd7f4-d146-4484-97ce-f3f0ba8e9840/Office-Data/Jobs/Joybiz/Applications/Joybiz/Backend/V3.0/JoyBiz-API-V1.0/artisan(35): Laravel\\Lumen\\Console\\Kernel->handle()
#34 {main}

[previous exception] [object] (PDOException(code: 42804): SQLSTATE[42804]: Datatype mismatch: 7 ERROR:  foreign key constraint \"order_shipping_temp_member_shipping_address_uuid_foreign\" cannot be implemented
DETAIL:  Key columns \"member_shipping_address_uuid\" and \"uuid\" are of incompatible types: character varying and uuid. at /media/hilal/a16cd7f4-d146-4484-97ce-f3f0ba8e9840/Office-Data/Jobs/Joybiz/Applications/Joybiz/Backend/V3.0/JoyBiz-API-V1.0/vendor/illuminate/database/Connection.php:545)
[stacktrace]
#0 /media/hilal/a16cd7f4-d146-4484-97ce-f3f0ba8e9840/Office-Data/Jobs/Joybiz/Applications/Joybiz/Backend/V3.0/JoyBiz-API-V1.0/vendor/illuminate/database/Connection.php(545): PDOStatement->execute()
#1 /media/hilal/a16cd7f4-d146-4484-97ce-f3f0ba8e9840/Office-Data/Jobs/Joybiz/Applications/Joybiz/Backend/V3.0/JoyBiz-API-V1.0/vendor/illuminate/database/Connection.php(753): Illuminate\\Database\\Connection->Illuminate\\Database\\{closure}()
#2 /media/hilal/a16cd7f4-d146-4484-97ce-f3f0ba8e9840/Office-Data/Jobs/Joybiz/Applications/Joybiz/Backend/V3.0/JoyBiz-API-V1.0/vendor/illuminate/database/Connection.php(720): Illuminate\\Database\\Connection->runQueryCallback()
#3 /media/hilal/a16cd7f4-d146-4484-97ce-f3f0ba8e9840/Office-Data/Jobs/Joybiz/Applications/Joybiz/Backend/V3.0/JoyBiz-API-V1.0/vendor/illuminate/database/Connection.php(546): Illuminate\\Database\\Connection->run()
#4 /media/hilal/a16cd7f4-d146-4484-97ce-f3f0ba8e9840/Office-Data/Jobs/Joybiz/Applications/Joybiz/Backend/V3.0/JoyBiz-API-V1.0/vendor/illuminate/database/Schema/Blueprint.php(109): Illuminate\\Database\\Connection->statement()
#5 /media/hilal/a16cd7f4-d146-4484-97ce-f3f0ba8e9840/Office-Data/Jobs/Joybiz/Applications/Joybiz/Backend/V3.0/JoyBiz-API-V1.0/vendor/illuminate/database/Schema/Builder.php(439): Illuminate\\Database\\Schema\\Blueprint->build()
#6 /media/hilal/a16cd7f4-d146-4484-97ce-f3f0ba8e9840/Office-Data/Jobs/Joybiz/Applications/Joybiz/Backend/V3.0/JoyBiz-API-V1.0/vendor/illuminate/database/Schema/Builder.php(269): Illuminate\\Database\\Schema\\Builder->build()
#7 /media/hilal/a16cd7f4-d146-4484-97ce-f3f0ba8e9840/Office-Data/Jobs/Joybiz/Applications/Joybiz/Backend/V3.0/JoyBiz-API-V1.0/vendor/illuminate/support/Facades/Facade.php(338): Illuminate\\Database\\Schema\\Builder->table()
#8 /media/hilal/a16cd7f4-d146-4484-97ce-f3f0ba8e9840/Office-Data/Jobs/Joybiz/Applications/Joybiz/Backend/V3.0/JoyBiz-API-V1.0/database/migrations/2023_09_08_035741_add_field_member_address_in_order_shipping_table.php(19): Illuminate\\Support\\Facades\\Facade::__callStatic()
#9 /media/hilal/a16cd7f4-d146-4484-97ce-f3f0ba8e9840/Office-Data/Jobs/Joybiz/Applications/Joybiz/Backend/V3.0/JoyBiz-API-V1.0/vendor/illuminate/database/Migrations/Migrator.php(488): Illuminate\\Database\\Migrations\\Migration@anonymous->up()
#10 /media/hilal/a16cd7f4-d146-4484-97ce-f3f0ba8e9840/Office-Data/Jobs/Joybiz/Applications/Joybiz/Backend/V3.0/JoyBiz-API-V1.0/vendor/illuminate/database/Migrations/Migrator.php(406): Illuminate\\Database\\Migrations\\Migrator->runMethod()
#11 /media/hilal/a16cd7f4-d146-4484-97ce-f3f0ba8e9840/Office-Data/Jobs/Joybiz/Applications/Joybiz/Backend/V3.0/JoyBiz-API-V1.0/vendor/illuminate/database/Concerns/ManagesTransactions.php(30): Illuminate\\Database\\Migrations\\Migrator->Illuminate\\Database\\Migrations\\{closure}()
#12 /media/hilal/a16cd7f4-d146-4484-97ce-f3f0ba8e9840/Office-Data/Jobs/Joybiz/Applications/Joybiz/Backend/V3.0/JoyBiz-API-V1.0/vendor/illuminate/database/Migrations/Migrator.php(414): Illuminate\\Database\\Connection->transaction()
#13 /media/hilal/a16cd7f4-d146-4484-97ce-f3f0ba8e9840/Office-Data/Jobs/Joybiz/Applications/Joybiz/Backend/V3.0/JoyBiz-API-V1.0/vendor/illuminate/database/Migrations/Migrator.php(216): Illuminate\\Database\\Migrations\\Migrator->runMigration()
#14 /media/hilal/a16cd7f4-d146-4484-97ce-f3f0ba8e9840/Office-Data/Jobs/Joybiz/Applications/Joybiz/Backend/V3.0/JoyBiz-API-V1.0/vendor/illuminate/console/View/Components/Task.php(37): Illuminate\\Database\\Migrations\\Migrator->Illuminate\\Database\\Migrations\\{closure}()
#15 /media/hilal/a16cd7f4-d146-4484-97ce-f3f0ba8e9840/Office-Data/Jobs/Joybiz/Applications/Joybiz/Backend/V3.0/JoyBiz-API-V1.0/vendor/illuminate/database/Migrations/Migrator.php(751): Illuminate\\Console\\View\\Components\\Task->render()
#16 /media/hilal/a16cd7f4-d146-4484-97ce-f3f0ba8e9840/Office-Data/Jobs/Joybiz/Applications/Joybiz/Backend/V3.0/JoyBiz-API-V1.0/vendor/illuminate/database/Migrations/Migrator.php(216): Illuminate\\Database\\Migrations\\Migrator->write()
#17 /media/hilal/a16cd7f4-d146-4484-97ce-f3f0ba8e9840/Office-Data/Jobs/Joybiz/Applications/Joybiz/Backend/V3.0/JoyBiz-API-V1.0/vendor/illuminate/database/Migrations/Migrator.php(181): Illuminate\\Database\\Migrations\\Migrator->runUp()
#18 /media/hilal/a16cd7f4-d146-4484-97ce-f3f0ba8e9840/Office-Data/Jobs/Joybiz/Applications/Joybiz/Backend/V3.0/JoyBiz-API-V1.0/vendor/illuminate/database/Migrations/Migrator.php(124): Illuminate\\Database\\Migrations\\Migrator->runPending()
#19 /media/hilal/a16cd7f4-d146-4484-97ce-f3f0ba8e9840/Office-Data/Jobs/Joybiz/Applications/Joybiz/Backend/V3.0/JoyBiz-API-V1.0/vendor/illuminate/database/Console/Migrations/MigrateCommand.php(90): Illuminate\\Database\\Migrations\\Migrator->run()
#20 /media/hilal/a16cd7f4-d146-4484-97ce-f3f0ba8e9840/Office-Data/Jobs/Joybiz/Applications/Joybiz/Backend/V3.0/JoyBiz-API-V1.0/vendor/illuminate/database/Migrations/Migrator.php(628): Illuminate\\Database\\Console\\Migrations\\MigrateCommand->Illuminate\\Database\\Console\\Migrations\\{closure}()
#21 /media/hilal/a16cd7f4-d146-4484-97ce-f3f0ba8e9840/Office-Data/Jobs/Joybiz/Applications/Joybiz/Backend/V3.0/JoyBiz-API-V1.0/vendor/illuminate/database/Console/Migrations/MigrateCommand.php(102): Illuminate\\Database\\Migrations\\Migrator->usingConnection()
#22 /media/hilal/a16cd7f4-d146-4484-97ce-f3f0ba8e9840/Office-Data/Jobs/Joybiz/Applications/Joybiz/Backend/V3.0/JoyBiz-API-V1.0/vendor/illuminate/container/BoundMethod.php(36): Illuminate\\Database\\Console\\Migrations\\MigrateCommand->handle()
#23 /media/hilal/a16cd7f4-d146-4484-97ce-f3f0ba8e9840/Office-Data/Jobs/Joybiz/Applications/Joybiz/Backend/V3.0/JoyBiz-API-V1.0/vendor/illuminate/container/Util.php(41): Illuminate\\Container\\BoundMethod::Illuminate\\Container\\{closure}()
#24 /media/hilal/a16cd7f4-d146-4484-97ce-f3f0ba8e9840/Office-Data/Jobs/Joybiz/Applications/Joybiz/Backend/V3.0/JoyBiz-API-V1.0/vendor/illuminate/container/BoundMethod.php(93): Illuminate\\Container\\Util::unwrapIfClosure()
#25 /media/hilal/a16cd7f4-d146-4484-97ce-f3f0ba8e9840/Office-Data/Jobs/Joybiz/Applications/Joybiz/Backend/V3.0/JoyBiz-API-V1.0/vendor/illuminate/container/BoundMethod.php(37): Illuminate\\Container\\BoundMethod::callBoundMethod()
#26 /media/hilal/a16cd7f4-d146-4484-97ce-f3f0ba8e9840/Office-Data/Jobs/Joybiz/Applications/Joybiz/Backend/V3.0/JoyBiz-API-V1.0/vendor/illuminate/container/Container.php(661): Illuminate\\Container\\BoundMethod::call()
#27 /media/hilal/a16cd7f4-d146-4484-97ce-f3f0ba8e9840/Office-Data/Jobs/Joybiz/Applications/Joybiz/Backend/V3.0/JoyBiz-API-V1.0/vendor/illuminate/console/Command.php(183): Illuminate\\Container\\Container->call()
#28 /media/hilal/a16cd7f4-d146-4484-97ce-f3f0ba8e9840/Office-Data/Jobs/Joybiz/Applications/Joybiz/Backend/V3.0/JoyBiz-API-V1.0/vendor/symfony/console/Command/Command.php(326): Illuminate\\Console\\Command->execute()
#29 /media/hilal/a16cd7f4-d146-4484-97ce-f3f0ba8e9840/Office-Data/Jobs/Joybiz/Applications/Joybiz/Backend/V3.0/JoyBiz-API-V1.0/vendor/illuminate/console/Command.php(153): Symfony\\Component\\Console\\Command\\Command->run()
#30 /media/hilal/a16cd7f4-d146-4484-97ce-f3f0ba8e9840/Office-Data/Jobs/Joybiz/Applications/Joybiz/Backend/V3.0/JoyBiz-API-V1.0/vendor/symfony/console/Application.php(1063): Illuminate\\Console\\Command->run()
#31 /media/hilal/a16cd7f4-d146-4484-97ce-f3f0ba8e9840/Office-Data/Jobs/Joybiz/Applications/Joybiz/Backend/V3.0/JoyBiz-API-V1.0/vendor/symfony/console/Application.php(320): Symfony\\Component\\Console\\Application->doRunCommand()
#32 /media/hilal/a16cd7f4-d146-4484-97ce-f3f0ba8e9840/Office-Data/Jobs/Joybiz/Applications/Joybiz/Backend/V3.0/JoyBiz-API-V1.0/vendor/symfony/console/Application.php(174): Symfony\\Component\\Console\\Application->doRun()
#33 /media/hilal/a16cd7f4-d146-4484-97ce-f3f0ba8e9840/Office-Data/Jobs/Joybiz/Applications/Joybiz/Backend/V3.0/JoyBiz-API-V1.0/vendor/illuminate/console/Application.php(102): Symfony\\Component\\Console\\Application->run()
#34 /media/hilal/a16cd7f4-d146-4484-97ce-f3f0ba8e9840/Office-Data/Jobs/Joybiz/Applications/Joybiz/Backend/V3.0/JoyBiz-API-V1.0/vendor/laravel/lumen-framework/src/Console/Kernel.php(116): Illuminate\\Console\\Application->run()
#35 /media/hilal/a16cd7f4-d146-4484-97ce-f3f0ba8e9840/Office-Data/Jobs/Joybiz/Applications/Joybiz/Backend/V3.0/JoyBiz-API-V1.0/artisan(35): Laravel\\Lumen\\Console\\Kernel->handle()
#36 {main}
"} 
[2023-09-08 04:07:21] local.ERROR: SQLSTATE[42701]: Duplicate column: 7 ERROR:  column "province" of relation "order_shipping_temp" already exists (SQL: alter table "order_shipping_temp" add column "member_shipping_address_uuid" uuid null, add column "zip_code" varchar(10) not null, add column "province" varchar(100) not null, add column "city" varchar(100) not null, add column "district" varchar(100) not null, add column "village" varchar(30) not null, add column "details" varchar(255) null, add column "notes" varchar(255) null, add column "remarks" varchar(255) null) {"exception":"[object] (Illuminate\\Database\\QueryException(code: 42701): SQLSTATE[42701]: Duplicate column: 7 ERROR:  column \"province\" of relation \"order_shipping_temp\" already exists (SQL: alter table \"order_shipping_temp\" add column \"member_shipping_address_uuid\" uuid null, add column \"zip_code\" varchar(10) not null, add column \"province\" varchar(100) not null, add column \"city\" varchar(100) not null, add column \"district\" varchar(100) not null, add column \"village\" varchar(30) not null, add column \"details\" varchar(255) null, add column \"notes\" varchar(255) null, add column \"remarks\" varchar(255) null) at /media/hilal/a16cd7f4-d146-4484-97ce-f3f0ba8e9840/Office-Data/Jobs/Joybiz/Applications/Joybiz/Backend/V3.0/JoyBiz-API-V1.0/vendor/illuminate/database/Connection.php:760)
[stacktrace]
#0 /media/hilal/a16cd7f4-d146-4484-97ce-f3f0ba8e9840/Office-Data/Jobs/Joybiz/Applications/Joybiz/Backend/V3.0/JoyBiz-API-V1.0/vendor/illuminate/database/Connection.php(720): Illuminate\\Database\\Connection->runQueryCallback()
#1 /media/hilal/a16cd7f4-d146-4484-97ce-f3f0ba8e9840/Office-Data/Jobs/Joybiz/Applications/Joybiz/Backend/V3.0/JoyBiz-API-V1.0/vendor/illuminate/database/Connection.php(546): Illuminate\\Database\\Connection->run()
#2 /media/hilal/a16cd7f4-d146-4484-97ce-f3f0ba8e9840/Office-Data/Jobs/Joybiz/Applications/Joybiz/Backend/V3.0/JoyBiz-API-V1.0/vendor/illuminate/database/Schema/Blueprint.php(109): Illuminate\\Database\\Connection->statement()
#3 /media/hilal/a16cd7f4-d146-4484-97ce-f3f0ba8e9840/Office-Data/Jobs/Joybiz/Applications/Joybiz/Backend/V3.0/JoyBiz-API-V1.0/vendor/illuminate/database/Schema/Builder.php(439): Illuminate\\Database\\Schema\\Blueprint->build()
#4 /media/hilal/a16cd7f4-d146-4484-97ce-f3f0ba8e9840/Office-Data/Jobs/Joybiz/Applications/Joybiz/Backend/V3.0/JoyBiz-API-V1.0/vendor/illuminate/database/Schema/Builder.php(269): Illuminate\\Database\\Schema\\Builder->build()
#5 /media/hilal/a16cd7f4-d146-4484-97ce-f3f0ba8e9840/Office-Data/Jobs/Joybiz/Applications/Joybiz/Backend/V3.0/JoyBiz-API-V1.0/vendor/illuminate/support/Facades/Facade.php(338): Illuminate\\Database\\Schema\\Builder->table()
#6 /media/hilal/a16cd7f4-d146-4484-97ce-f3f0ba8e9840/Office-Data/Jobs/Joybiz/Applications/Joybiz/Backend/V3.0/JoyBiz-API-V1.0/database/migrations/2023_09_08_035741_add_field_member_address_in_order_shipping_table.php(27): Illuminate\\Support\\Facades\\Facade::__callStatic()
#7 /media/hilal/a16cd7f4-d146-4484-97ce-f3f0ba8e9840/Office-Data/Jobs/Joybiz/Applications/Joybiz/Backend/V3.0/JoyBiz-API-V1.0/vendor/illuminate/database/Migrations/Migrator.php(488): Illuminate\\Database\\Migrations\\Migration@anonymous->up()
#8 /media/hilal/a16cd7f4-d146-4484-97ce-f3f0ba8e9840/Office-Data/Jobs/Joybiz/Applications/Joybiz/Backend/V3.0/JoyBiz-API-V1.0/vendor/illuminate/database/Migrations/Migrator.php(406): Illuminate\\Database\\Migrations\\Migrator->runMethod()
#9 /media/hilal/a16cd7f4-d146-4484-97ce-f3f0ba8e9840/Office-Data/Jobs/Joybiz/Applications/Joybiz/Backend/V3.0/JoyBiz-API-V1.0/vendor/illuminate/database/Concerns/ManagesTransactions.php(30): Illuminate\\Database\\Migrations\\Migrator->Illuminate\\Database\\Migrations\\{closure}()
#10 /media/hilal/a16cd7f4-d146-4484-97ce-f3f0ba8e9840/Office-Data/Jobs/Joybiz/Applications/Joybiz/Backend/V3.0/JoyBiz-API-V1.0/vendor/illuminate/database/Migrations/Migrator.php(414): Illuminate\\Database\\Connection->transaction()
#11 /media/hilal/a16cd7f4-d146-4484-97ce-f3f0ba8e9840/Office-Data/Jobs/Joybiz/Applications/Joybiz/Backend/V3.0/JoyBiz-API-V1.0/vendor/illuminate/database/Migrations/Migrator.php(216): Illuminate\\Database\\Migrations\\Migrator->runMigration()
#12 /media/hilal/a16cd7f4-d146-4484-97ce-f3f0ba8e9840/Office-Data/Jobs/Joybiz/Applications/Joybiz/Backend/V3.0/JoyBiz-API-V1.0/vendor/illuminate/console/View/Components/Task.php(37): Illuminate\\Database\\Migrations\\Migrator->Illuminate\\Database\\Migrations\\{closure}()
#13 /media/hilal/a16cd7f4-d146-4484-97ce-f3f0ba8e9840/Office-Data/Jobs/Joybiz/Applications/Joybiz/Backend/V3.0/JoyBiz-API-V1.0/vendor/illuminate/database/Migrations/Migrator.php(751): Illuminate\\Console\\View\\Components\\Task->render()
#14 /media/hilal/a16cd7f4-d146-4484-97ce-f3f0ba8e9840/Office-Data/Jobs/Joybiz/Applications/Joybiz/Backend/V3.0/JoyBiz-API-V1.0/vendor/illuminate/database/Migrations/Migrator.php(216): Illuminate\\Database\\Migrations\\Migrator->write()
#15 /media/hilal/a16cd7f4-d146-4484-97ce-f3f0ba8e9840/Office-Data/Jobs/Joybiz/Applications/Joybiz/Backend/V3.0/JoyBiz-API-V1.0/vendor/illuminate/database/Migrations/Migrator.php(181): Illuminate\\Database\\Migrations\\Migrator->runUp()
#16 /media/hilal/a16cd7f4-d146-4484-97ce-f3f0ba8e9840/Office-Data/Jobs/Joybiz/Applications/Joybiz/Backend/V3.0/JoyBiz-API-V1.0/vendor/illuminate/database/Migrations/Migrator.php(124): Illuminate\\Database\\Migrations\\Migrator->runPending()
#17 /media/hilal/a16cd7f4-d146-4484-97ce-f3f0ba8e9840/Office-Data/Jobs/Joybiz/Applications/Joybiz/Backend/V3.0/JoyBiz-API-V1.0/vendor/illuminate/database/Console/Migrations/MigrateCommand.php(90): Illuminate\\Database\\Migrations\\Migrator->run()
#18 /media/hilal/a16cd7f4-d146-4484-97ce-f3f0ba8e9840/Office-Data/Jobs/Joybiz/Applications/Joybiz/Backend/V3.0/JoyBiz-API-V1.0/vendor/illuminate/database/Migrations/Migrator.php(628): Illuminate\\Database\\Console\\Migrations\\MigrateCommand->Illuminate\\Database\\Console\\Migrations\\{closure}()
#19 /media/hilal/a16cd7f4-d146-4484-97ce-f3f0ba8e9840/Office-Data/Jobs/Joybiz/Applications/Joybiz/Backend/V3.0/JoyBiz-API-V1.0/vendor/illuminate/database/Console/Migrations/MigrateCommand.php(102): Illuminate\\Database\\Migrations\\Migrator->usingConnection()
#20 /media/hilal/a16cd7f4-d146-4484-97ce-f3f0ba8e9840/Office-Data/Jobs/Joybiz/Applications/Joybiz/Backend/V3.0/JoyBiz-API-V1.0/vendor/illuminate/container/BoundMethod.php(36): Illuminate\\Database\\Console\\Migrations\\MigrateCommand->handle()
#21 /media/hilal/a16cd7f4-d146-4484-97ce-f3f0ba8e9840/Office-Data/Jobs/Joybiz/Applications/Joybiz/Backend/V3.0/JoyBiz-API-V1.0/vendor/illuminate/container/Util.php(41): Illuminate\\Container\\BoundMethod::Illuminate\\Container\\{closure}()
#22 /media/hilal/a16cd7f4-d146-4484-97ce-f3f0ba8e9840/Office-Data/Jobs/Joybiz/Applications/Joybiz/Backend/V3.0/JoyBiz-API-V1.0/vendor/illuminate/container/BoundMethod.php(93): Illuminate\\Container\\Util::unwrapIfClosure()
#23 /media/hilal/a16cd7f4-d146-4484-97ce-f3f0ba8e9840/Office-Data/Jobs/Joybiz/Applications/Joybiz/Backend/V3.0/JoyBiz-API-V1.0/vendor/illuminate/container/BoundMethod.php(37): Illuminate\\Container\\BoundMethod::callBoundMethod()
#24 /media/hilal/a16cd7f4-d146-4484-97ce-f3f0ba8e9840/Office-Data/Jobs/Joybiz/Applications/Joybiz/Backend/V3.0/JoyBiz-API-V1.0/vendor/illuminate/container/Container.php(661): Illuminate\\Container\\BoundMethod::call()
#25 /media/hilal/a16cd7f4-d146-4484-97ce-f3f0ba8e9840/Office-Data/Jobs/Joybiz/Applications/Joybiz/Backend/V3.0/JoyBiz-API-V1.0/vendor/illuminate/console/Command.php(183): Illuminate\\Container\\Container->call()
#26 /media/hilal/a16cd7f4-d146-4484-97ce-f3f0ba8e9840/Office-Data/Jobs/Joybiz/Applications/Joybiz/Backend/V3.0/JoyBiz-API-V1.0/vendor/symfony/console/Command/Command.php(326): Illuminate\\Console\\Command->execute()
#27 /media/hilal/a16cd7f4-d146-4484-97ce-f3f0ba8e9840/Office-Data/Jobs/Joybiz/Applications/Joybiz/Backend/V3.0/JoyBiz-API-V1.0/vendor/illuminate/console/Command.php(153): Symfony\\Component\\Console\\Command\\Command->run()
#28 /media/hilal/a16cd7f4-d146-4484-97ce-f3f0ba8e9840/Office-Data/Jobs/Joybiz/Applications/Joybiz/Backend/V3.0/JoyBiz-API-V1.0/vendor/symfony/console/Application.php(1063): Illuminate\\Console\\Command->run()
#29 /media/hilal/a16cd7f4-d146-4484-97ce-f3f0ba8e9840/Office-Data/Jobs/Joybiz/Applications/Joybiz/Backend/V3.0/JoyBiz-API-V1.0/vendor/symfony/console/Application.php(320): Symfony\\Component\\Console\\Application->doRunCommand()
#30 /media/hilal/a16cd7f4-d146-4484-97ce-f3f0ba8e9840/Office-Data/Jobs/Joybiz/Applications/Joybiz/Backend/V3.0/JoyBiz-API-V1.0/vendor/symfony/console/Application.php(174): Symfony\\Component\\Console\\Application->doRun()
#31 /media/hilal/a16cd7f4-d146-4484-97ce-f3f0ba8e9840/Office-Data/Jobs/Joybiz/Applications/Joybiz/Backend/V3.0/JoyBiz-API-V1.0/vendor/illuminate/console/Application.php(102): Symfony\\Component\\Console\\Application->run()
#32 /media/hilal/a16cd7f4-d146-4484-97ce-f3f0ba8e9840/Office-Data/Jobs/Joybiz/Applications/Joybiz/Backend/V3.0/JoyBiz-API-V1.0/vendor/laravel/lumen-framework/src/Console/Kernel.php(116): Illuminate\\Console\\Application->run()
#33 /media/hilal/a16cd7f4-d146-4484-97ce-f3f0ba8e9840/Office-Data/Jobs/Joybiz/Applications/Joybiz/Backend/V3.0/JoyBiz-API-V1.0/artisan(35): Laravel\\Lumen\\Console\\Kernel->handle()
#34 {main}

[previous exception] [object] (PDOException(code: 42701): SQLSTATE[42701]: Duplicate column: 7 ERROR:  column \"province\" of relation \"order_shipping_temp\" already exists at /media/hilal/a16cd7f4-d146-4484-97ce-f3f0ba8e9840/Office-Data/Jobs/Joybiz/Applications/Joybiz/Backend/V3.0/JoyBiz-API-V1.0/vendor/illuminate/database/Connection.php:545)
[stacktrace]
#0 /media/hilal/a16cd7f4-d146-4484-97ce-f3f0ba8e9840/Office-Data/Jobs/Joybiz/Applications/Joybiz/Backend/V3.0/JoyBiz-API-V1.0/vendor/illuminate/database/Connection.php(545): PDOStatement->execute()
#1 /media/hilal/a16cd7f4-d146-4484-97ce-f3f0ba8e9840/Office-Data/Jobs/Joybiz/Applications/Joybiz/Backend/V3.0/JoyBiz-API-V1.0/vendor/illuminate/database/Connection.php(753): Illuminate\\Database\\Connection->Illuminate\\Database\\{closure}()
#2 /media/hilal/a16cd7f4-d146-4484-97ce-f3f0ba8e9840/Office-Data/Jobs/Joybiz/Applications/Joybiz/Backend/V3.0/JoyBiz-API-V1.0/vendor/illuminate/database/Connection.php(720): Illuminate\\Database\\Connection->runQueryCallback()
#3 /media/hilal/a16cd7f4-d146-4484-97ce-f3f0ba8e9840/Office-Data/Jobs/Joybiz/Applications/Joybiz/Backend/V3.0/JoyBiz-API-V1.0/vendor/illuminate/database/Connection.php(546): Illuminate\\Database\\Connection->run()
#4 /media/hilal/a16cd7f4-d146-4484-97ce-f3f0ba8e9840/Office-Data/Jobs/Joybiz/Applications/Joybiz/Backend/V3.0/JoyBiz-API-V1.0/vendor/illuminate/database/Schema/Blueprint.php(109): Illuminate\\Database\\Connection->statement()
#5 /media/hilal/a16cd7f4-d146-4484-97ce-f3f0ba8e9840/Office-Data/Jobs/Joybiz/Applications/Joybiz/Backend/V3.0/JoyBiz-API-V1.0/vendor/illuminate/database/Schema/Builder.php(439): Illuminate\\Database\\Schema\\Blueprint->build()
#6 /media/hilal/a16cd7f4-d146-4484-97ce-f3f0ba8e9840/Office-Data/Jobs/Joybiz/Applications/Joybiz/Backend/V3.0/JoyBiz-API-V1.0/vendor/illuminate/database/Schema/Builder.php(269): Illuminate\\Database\\Schema\\Builder->build()
#7 /media/hilal/a16cd7f4-d146-4484-97ce-f3f0ba8e9840/Office-Data/Jobs/Joybiz/Applications/Joybiz/Backend/V3.0/JoyBiz-API-V1.0/vendor/illuminate/support/Facades/Facade.php(338): Illuminate\\Database\\Schema\\Builder->table()
#8 /media/hilal/a16cd7f4-d146-4484-97ce-f3f0ba8e9840/Office-Data/Jobs/Joybiz/Applications/Joybiz/Backend/V3.0/JoyBiz-API-V1.0/database/migrations/2023_09_08_035741_add_field_member_address_in_order_shipping_table.php(27): Illuminate\\Support\\Facades\\Facade::__callStatic()
#9 /media/hilal/a16cd7f4-d146-4484-97ce-f3f0ba8e9840/Office-Data/Jobs/Joybiz/Applications/Joybiz/Backend/V3.0/JoyBiz-API-V1.0/vendor/illuminate/database/Migrations/Migrator.php(488): Illuminate\\Database\\Migrations\\Migration@anonymous->up()
#10 /media/hilal/a16cd7f4-d146-4484-97ce-f3f0ba8e9840/Office-Data/Jobs/Joybiz/Applications/Joybiz/Backend/V3.0/JoyBiz-API-V1.0/vendor/illuminate/database/Migrations/Migrator.php(406): Illuminate\\Database\\Migrations\\Migrator->runMethod()
#11 /media/hilal/a16cd7f4-d146-4484-97ce-f3f0ba8e9840/Office-Data/Jobs/Joybiz/Applications/Joybiz/Backend/V3.0/JoyBiz-API-V1.0/vendor/illuminate/database/Concerns/ManagesTransactions.php(30): Illuminate\\Database\\Migrations\\Migrator->Illuminate\\Database\\Migrations\\{closure}()
#12 /media/hilal/a16cd7f4-d146-4484-97ce-f3f0ba8e9840/Office-Data/Jobs/Joybiz/Applications/Joybiz/Backend/V3.0/JoyBiz-API-V1.0/vendor/illuminate/database/Migrations/Migrator.php(414): Illuminate\\Database\\Connection->transaction()
#13 /media/hilal/a16cd7f4-d146-4484-97ce-f3f0ba8e9840/Office-Data/Jobs/Joybiz/Applications/Joybiz/Backend/V3.0/JoyBiz-API-V1.0/vendor/illuminate/database/Migrations/Migrator.php(216): Illuminate\\Database\\Migrations\\Migrator->runMigration()
#14 /media/hilal/a16cd7f4-d146-4484-97ce-f3f0ba8e9840/Office-Data/Jobs/Joybiz/Applications/Joybiz/Backend/V3.0/JoyBiz-API-V1.0/vendor/illuminate/console/View/Components/Task.php(37): Illuminate\\Database\\Migrations\\Migrator->Illuminate\\Database\\Migrations\\{closure}()
#15 /media/hilal/a16cd7f4-d146-4484-97ce-f3f0ba8e9840/Office-Data/Jobs/Joybiz/Applications/Joybiz/Backend/V3.0/JoyBiz-API-V1.0/vendor/illuminate/database/Migrations/Migrator.php(751): Illuminate\\Console\\View\\Components\\Task->render()
#16 /media/hilal/a16cd7f4-d146-4484-97ce-f3f0ba8e9840/Office-Data/Jobs/Joybiz/Applications/Joybiz/Backend/V3.0/JoyBiz-API-V1.0/vendor/illuminate/database/Migrations/Migrator.php(216): Illuminate\\Database\\Migrations\\Migrator->write()
#17 /media/hilal/a16cd7f4-d146-4484-97ce-f3f0ba8e9840/Office-Data/Jobs/Joybiz/Applications/Joybiz/Backend/V3.0/JoyBiz-API-V1.0/vendor/illuminate/database/Migrations/Migrator.php(181): Illuminate\\Database\\Migrations\\Migrator->runUp()
#18 /media/hilal/a16cd7f4-d146-4484-97ce-f3f0ba8e9840/Office-Data/Jobs/Joybiz/Applications/Joybiz/Backend/V3.0/JoyBiz-API-V1.0/vendor/illuminate/database/Migrations/Migrator.php(124): Illuminate\\Database\\Migrations\\Migrator->runPending()
#19 /media/hilal/a16cd7f4-d146-4484-97ce-f3f0ba8e9840/Office-Data/Jobs/Joybiz/Applications/Joybiz/Backend/V3.0/JoyBiz-API-V1.0/vendor/illuminate/database/Console/Migrations/MigrateCommand.php(90): Illuminate\\Database\\Migrations\\Migrator->run()
#20 /media/hilal/a16cd7f4-d146-4484-97ce-f3f0ba8e9840/Office-Data/Jobs/Joybiz/Applications/Joybiz/Backend/V3.0/JoyBiz-API-V1.0/vendor/illuminate/database/Migrations/Migrator.php(628): Illuminate\\Database\\Console\\Migrations\\MigrateCommand->Illuminate\\Database\\Console\\Migrations\\{closure}()
#21 /media/hilal/a16cd7f4-d146-4484-97ce-f3f0ba8e9840/Office-Data/Jobs/Joybiz/Applications/Joybiz/Backend/V3.0/JoyBiz-API-V1.0/vendor/illuminate/database/Console/Migrations/MigrateCommand.php(102): Illuminate\\Database\\Migrations\\Migrator->usingConnection()
#22 /media/hilal/a16cd7f4-d146-4484-97ce-f3f0ba8e9840/Office-Data/Jobs/Joybiz/Applications/Joybiz/Backend/V3.0/JoyBiz-API-V1.0/vendor/illuminate/container/BoundMethod.php(36): Illuminate\\Database\\Console\\Migrations\\MigrateCommand->handle()
#23 /media/hilal/a16cd7f4-d146-4484-97ce-f3f0ba8e9840/Office-Data/Jobs/Joybiz/Applications/Joybiz/Backend/V3.0/JoyBiz-API-V1.0/vendor/illuminate/container/Util.php(41): Illuminate\\Container\\BoundMethod::Illuminate\\Container\\{closure}()
#24 /media/hilal/a16cd7f4-d146-4484-97ce-f3f0ba8e9840/Office-Data/Jobs/Joybiz/Applications/Joybiz/Backend/V3.0/JoyBiz-API-V1.0/vendor/illuminate/container/BoundMethod.php(93): Illuminate\\Container\\Util::unwrapIfClosure()
#25 /media/hilal/a16cd7f4-d146-4484-97ce-f3f0ba8e9840/Office-Data/Jobs/Joybiz/Applications/Joybiz/Backend/V3.0/JoyBiz-API-V1.0/vendor/illuminate/container/BoundMethod.php(37): Illuminate\\Container\\BoundMethod::callBoundMethod()
#26 /media/hilal/a16cd7f4-d146-4484-97ce-f3f0ba8e9840/Office-Data/Jobs/Joybiz/Applications/Joybiz/Backend/V3.0/JoyBiz-API-V1.0/vendor/illuminate/container/Container.php(661): Illuminate\\Container\\BoundMethod::call()
#27 /media/hilal/a16cd7f4-d146-4484-97ce-f3f0ba8e9840/Office-Data/Jobs/Joybiz/Applications/Joybiz/Backend/V3.0/JoyBiz-API-V1.0/vendor/illuminate/console/Command.php(183): Illuminate\\Container\\Container->call()
#28 /media/hilal/a16cd7f4-d146-4484-97ce-f3f0ba8e9840/Office-Data/Jobs/Joybiz/Applications/Joybiz/Backend/V3.0/JoyBiz-API-V1.0/vendor/symfony/console/Command/Command.php(326): Illuminate\\Console\\Command->execute()
#29 /media/hilal/a16cd7f4-d146-4484-97ce-f3f0ba8e9840/Office-Data/Jobs/Joybiz/Applications/Joybiz/Backend/V3.0/JoyBiz-API-V1.0/vendor/illuminate/console/Command.php(153): Symfony\\Component\\Console\\Command\\Command->run()
#30 /media/hilal/a16cd7f4-d146-4484-97ce-f3f0ba8e9840/Office-Data/Jobs/Joybiz/Applications/Joybiz/Backend/V3.0/JoyBiz-API-V1.0/vendor/symfony/console/Application.php(1063): Illuminate\\Console\\Command->run()
#31 /media/hilal/a16cd7f4-d146-4484-97ce-f3f0ba8e9840/Office-Data/Jobs/Joybiz/Applications/Joybiz/Backend/V3.0/JoyBiz-API-V1.0/vendor/symfony/console/Application.php(320): Symfony\\Component\\Console\\Application->doRunCommand()
#32 /media/hilal/a16cd7f4-d146-4484-97ce-f3f0ba8e9840/Office-Data/Jobs/Joybiz/Applications/Joybiz/Backend/V3.0/JoyBiz-API-V1.0/vendor/symfony/console/Application.php(174): Symfony\\Component\\Console\\Application->doRun()
#33 /media/hilal/a16cd7f4-d146-4484-97ce-f3f0ba8e9840/Office-Data/Jobs/Joybiz/Applications/Joybiz/Backend/V3.0/JoyBiz-API-V1.0/vendor/illuminate/console/Application.php(102): Symfony\\Component\\Console\\Application->run()
#34 /media/hilal/a16cd7f4-d146-4484-97ce-f3f0ba8e9840/Office-Data/Jobs/Joybiz/Applications/Joybiz/Backend/V3.0/JoyBiz-API-V1.0/vendor/laravel/lumen-framework/src/Console/Kernel.php(116): Illuminate\\Console\\Application->run()
#35 /media/hilal/a16cd7f4-d146-4484-97ce-f3f0ba8e9840/Office-Data/Jobs/Joybiz/Applications/Joybiz/Backend/V3.0/JoyBiz-API-V1.0/artisan(35): Laravel\\Lumen\\Console\\Kernel->handle()
#36 {main}
"} 
[2023-09-08 04:09:29] local.ERROR: SQLSTATE[42701]: Duplicate column: 7 ERROR:  column "province" of relation "order_shipping_temp" already exists (SQL: alter table "order_shipping_temp" add column "member_shipping_address_uuid" uuid null, add column "zip_code" varchar(10) not null, add column "province" varchar(100) not null, add column "city" varchar(100) not null, add column "district" varchar(100) not null, add column "village" varchar(30) not null, add column "details" varchar(255) null, add column "notes" varchar(255) null, add column "remarks" varchar(255) null) {"exception":"[object] (Illuminate\\Database\\QueryException(code: 42701): SQLSTATE[42701]: Duplicate column: 7 ERROR:  column \"province\" of relation \"order_shipping_temp\" already exists (SQL: alter table \"order_shipping_temp\" add column \"member_shipping_address_uuid\" uuid null, add column \"zip_code\" varchar(10) not null, add column \"province\" varchar(100) not null, add column \"city\" varchar(100) not null, add column \"district\" varchar(100) not null, add column \"village\" varchar(30) not null, add column \"details\" varchar(255) null, add column \"notes\" varchar(255) null, add column \"remarks\" varchar(255) null) at /media/hilal/a16cd7f4-d146-4484-97ce-f3f0ba8e9840/Office-Data/Jobs/Joybiz/Applications/Joybiz/Backend/V3.0/JoyBiz-API-V1.0/vendor/illuminate/database/Connection.php:760)
[stacktrace]
#0 /media/hilal/a16cd7f4-d146-4484-97ce-f3f0ba8e9840/Office-Data/Jobs/Joybiz/Applications/Joybiz/Backend/V3.0/JoyBiz-API-V1.0/vendor/illuminate/database/Connection.php(720): Illuminate\\Database\\Connection->runQueryCallback()
#1 /media/hilal/a16cd7f4-d146-4484-97ce-f3f0ba8e9840/Office-Data/Jobs/Joybiz/Applications/Joybiz/Backend/V3.0/JoyBiz-API-V1.0/vendor/illuminate/database/Connection.php(546): Illuminate\\Database\\Connection->run()
#2 /media/hilal/a16cd7f4-d146-4484-97ce-f3f0ba8e9840/Office-Data/Jobs/Joybiz/Applications/Joybiz/Backend/V3.0/JoyBiz-API-V1.0/vendor/illuminate/database/Schema/Blueprint.php(109): Illuminate\\Database\\Connection->statement()
#3 /media/hilal/a16cd7f4-d146-4484-97ce-f3f0ba8e9840/Office-Data/Jobs/Joybiz/Applications/Joybiz/Backend/V3.0/JoyBiz-API-V1.0/vendor/illuminate/database/Schema/Builder.php(439): Illuminate\\Database\\Schema\\Blueprint->build()
#4 /media/hilal/a16cd7f4-d146-4484-97ce-f3f0ba8e9840/Office-Data/Jobs/Joybiz/Applications/Joybiz/Backend/V3.0/JoyBiz-API-V1.0/vendor/illuminate/database/Schema/Builder.php(269): Illuminate\\Database\\Schema\\Builder->build()
#5 /media/hilal/a16cd7f4-d146-4484-97ce-f3f0ba8e9840/Office-Data/Jobs/Joybiz/Applications/Joybiz/Backend/V3.0/JoyBiz-API-V1.0/vendor/illuminate/support/Facades/Facade.php(338): Illuminate\\Database\\Schema\\Builder->table()
#6 /media/hilal/a16cd7f4-d146-4484-97ce-f3f0ba8e9840/Office-Data/Jobs/Joybiz/Applications/Joybiz/Backend/V3.0/JoyBiz-API-V1.0/database/migrations/2023_09_08_035741_add_field_member_address_in_order_shipping_table.php(27): Illuminate\\Support\\Facades\\Facade::__callStatic()
#7 /media/hilal/a16cd7f4-d146-4484-97ce-f3f0ba8e9840/Office-Data/Jobs/Joybiz/Applications/Joybiz/Backend/V3.0/JoyBiz-API-V1.0/vendor/illuminate/database/Migrations/Migrator.php(488): Illuminate\\Database\\Migrations\\Migration@anonymous->up()
#8 /media/hilal/a16cd7f4-d146-4484-97ce-f3f0ba8e9840/Office-Data/Jobs/Joybiz/Applications/Joybiz/Backend/V3.0/JoyBiz-API-V1.0/vendor/illuminate/database/Migrations/Migrator.php(406): Illuminate\\Database\\Migrations\\Migrator->runMethod()
#9 /media/hilal/a16cd7f4-d146-4484-97ce-f3f0ba8e9840/Office-Data/Jobs/Joybiz/Applications/Joybiz/Backend/V3.0/JoyBiz-API-V1.0/vendor/illuminate/database/Concerns/ManagesTransactions.php(30): Illuminate\\Database\\Migrations\\Migrator->Illuminate\\Database\\Migrations\\{closure}()
#10 /media/hilal/a16cd7f4-d146-4484-97ce-f3f0ba8e9840/Office-Data/Jobs/Joybiz/Applications/Joybiz/Backend/V3.0/JoyBiz-API-V1.0/vendor/illuminate/database/Migrations/Migrator.php(414): Illuminate\\Database\\Connection->transaction()
#11 /media/hilal/a16cd7f4-d146-4484-97ce-f3f0ba8e9840/Office-Data/Jobs/Joybiz/Applications/Joybiz/Backend/V3.0/JoyBiz-API-V1.0/vendor/illuminate/database/Migrations/Migrator.php(216): Illuminate\\Database\\Migrations\\Migrator->runMigration()
#12 /media/hilal/a16cd7f4-d146-4484-97ce-f3f0ba8e9840/Office-Data/Jobs/Joybiz/Applications/Joybiz/Backend/V3.0/JoyBiz-API-V1.0/vendor/illuminate/console/View/Components/Task.php(37): Illuminate\\Database\\Migrations\\Migrator->Illuminate\\Database\\Migrations\\{closure}()
#13 /media/hilal/a16cd7f4-d146-4484-97ce-f3f0ba8e9840/Office-Data/Jobs/Joybiz/Applications/Joybiz/Backend/V3.0/JoyBiz-API-V1.0/vendor/illuminate/database/Migrations/Migrator.php(751): Illuminate\\Console\\View\\Components\\Task->render()
#14 /media/hilal/a16cd7f4-d146-4484-97ce-f3f0ba8e9840/Office-Data/Jobs/Joybiz/Applications/Joybiz/Backend/V3.0/JoyBiz-API-V1.0/vendor/illuminate/database/Migrations/Migrator.php(216): Illuminate\\Database\\Migrations\\Migrator->write()
#15 /media/hilal/a16cd7f4-d146-4484-97ce-f3f0ba8e9840/Office-Data/Jobs/Joybiz/Applications/Joybiz/Backend/V3.0/JoyBiz-API-V1.0/vendor/illuminate/database/Migrations/Migrator.php(181): Illuminate\\Database\\Migrations\\Migrator->runUp()
#16 /media/hilal/a16cd7f4-d146-4484-97ce-f3f0ba8e9840/Office-Data/Jobs/Joybiz/Applications/Joybiz/Backend/V3.0/JoyBiz-API-V1.0/vendor/illuminate/database/Migrations/Migrator.php(124): Illuminate\\Database\\Migrations\\Migrator->runPending()
#17 /media/hilal/a16cd7f4-d146-4484-97ce-f3f0ba8e9840/Office-Data/Jobs/Joybiz/Applications/Joybiz/Backend/V3.0/JoyBiz-API-V1.0/vendor/illuminate/database/Console/Migrations/MigrateCommand.php(90): Illuminate\\Database\\Migrations\\Migrator->run()
#18 /media/hilal/a16cd7f4-d146-4484-97ce-f3f0ba8e9840/Office-Data/Jobs/Joybiz/Applications/Joybiz/Backend/V3.0/JoyBiz-API-V1.0/vendor/illuminate/database/Migrations/Migrator.php(628): Illuminate\\Database\\Console\\Migrations\\MigrateCommand->Illuminate\\Database\\Console\\Migrations\\{closure}()
#19 /media/hilal/a16cd7f4-d146-4484-97ce-f3f0ba8e9840/Office-Data/Jobs/Joybiz/Applications/Joybiz/Backend/V3.0/JoyBiz-API-V1.0/vendor/illuminate/database/Console/Migrations/MigrateCommand.php(102): Illuminate\\Database\\Migrations\\Migrator->usingConnection()
#20 /media/hilal/a16cd7f4-d146-4484-97ce-f3f0ba8e9840/Office-Data/Jobs/Joybiz/Applications/Joybiz/Backend/V3.0/JoyBiz-API-V1.0/vendor/illuminate/container/BoundMethod.php(36): Illuminate\\Database\\Console\\Migrations\\MigrateCommand->handle()
#21 /media/hilal/a16cd7f4-d146-4484-97ce-f3f0ba8e9840/Office-Data/Jobs/Joybiz/Applications/Joybiz/Backend/V3.0/JoyBiz-API-V1.0/vendor/illuminate/container/Util.php(41): Illuminate\\Container\\BoundMethod::Illuminate\\Container\\{closure}()
#22 /media/hilal/a16cd7f4-d146-4484-97ce-f3f0ba8e9840/Office-Data/Jobs/Joybiz/Applications/Joybiz/Backend/V3.0/JoyBiz-API-V1.0/vendor/illuminate/container/BoundMethod.php(93): Illuminate\\Container\\Util::unwrapIfClosure()
#23 /media/hilal/a16cd7f4-d146-4484-97ce-f3f0ba8e9840/Office-Data/Jobs/Joybiz/Applications/Joybiz/Backend/V3.0/JoyBiz-API-V1.0/vendor/illuminate/container/BoundMethod.php(37): Illuminate\\Container\\BoundMethod::callBoundMethod()
#24 /media/hilal/a16cd7f4-d146-4484-97ce-f3f0ba8e9840/Office-Data/Jobs/Joybiz/Applications/Joybiz/Backend/V3.0/JoyBiz-API-V1.0/vendor/illuminate/container/Container.php(661): Illuminate\\Container\\BoundMethod::call()
#25 /media/hilal/a16cd7f4-d146-4484-97ce-f3f0ba8e9840/Office-Data/Jobs/Joybiz/Applications/Joybiz/Backend/V3.0/JoyBiz-API-V1.0/vendor/illuminate/console/Command.php(183): Illuminate\\Container\\Container->call()
#26 /media/hilal/a16cd7f4-d146-4484-97ce-f3f0ba8e9840/Office-Data/Jobs/Joybiz/Applications/Joybiz/Backend/V3.0/JoyBiz-API-V1.0/vendor/symfony/console/Command/Command.php(326): Illuminate\\Console\\Command->execute()
#27 /media/hilal/a16cd7f4-d146-4484-97ce-f3f0ba8e9840/Office-Data/Jobs/Joybiz/Applications/Joybiz/Backend/V3.0/JoyBiz-API-V1.0/vendor/illuminate/console/Command.php(153): Symfony\\Component\\Console\\Command\\Command->run()
#28 /media/hilal/a16cd7f4-d146-4484-97ce-f3f0ba8e9840/Office-Data/Jobs/Joybiz/Applications/Joybiz/Backend/V3.0/JoyBiz-API-V1.0/vendor/symfony/console/Application.php(1063): Illuminate\\Console\\Command->run()
#29 /media/hilal/a16cd7f4-d146-4484-97ce-f3f0ba8e9840/Office-Data/Jobs/Joybiz/Applications/Joybiz/Backend/V3.0/JoyBiz-API-V1.0/vendor/symfony/console/Application.php(320): Symfony\\Component\\Console\\Application->doRunCommand()
#30 /media/hilal/a16cd7f4-d146-4484-97ce-f3f0ba8e9840/Office-Data/Jobs/Joybiz/Applications/Joybiz/Backend/V3.0/JoyBiz-API-V1.0/vendor/symfony/console/Application.php(174): Symfony\\Component\\Console\\Application->doRun()
#31 /media/hilal/a16cd7f4-d146-4484-97ce-f3f0ba8e9840/Office-Data/Jobs/Joybiz/Applications/Joybiz/Backend/V3.0/JoyBiz-API-V1.0/vendor/illuminate/console/Application.php(102): Symfony\\Component\\Console\\Application->run()
#32 /media/hilal/a16cd7f4-d146-4484-97ce-f3f0ba8e9840/Office-Data/Jobs/Joybiz/Applications/Joybiz/Backend/V3.0/JoyBiz-API-V1.0/vendor/laravel/lumen-framework/src/Console/Kernel.php(116): Illuminate\\Console\\Application->run()
#33 /media/hilal/a16cd7f4-d146-4484-97ce-f3f0ba8e9840/Office-Data/Jobs/Joybiz/Applications/Joybiz/Backend/V3.0/JoyBiz-API-V1.0/artisan(35): Laravel\\Lumen\\Console\\Kernel->handle()
#34 {main}

[previous exception] [object] (PDOException(code: 42701): SQLSTATE[42701]: Duplicate column: 7 ERROR:  column \"province\" of relation \"order_shipping_temp\" already exists at /media/hilal/a16cd7f4-d146-4484-97ce-f3f0ba8e9840/Office-Data/Jobs/Joybiz/Applications/Joybiz/Backend/V3.0/JoyBiz-API-V1.0/vendor/illuminate/database/Connection.php:545)
[stacktrace]
#0 /media/hilal/a16cd7f4-d146-4484-97ce-f3f0ba8e9840/Office-Data/Jobs/Joybiz/Applications/Joybiz/Backend/V3.0/JoyBiz-API-V1.0/vendor/illuminate/database/Connection.php(545): PDOStatement->execute()
#1 /media/hilal/a16cd7f4-d146-4484-97ce-f3f0ba8e9840/Office-Data/Jobs/Joybiz/Applications/Joybiz/Backend/V3.0/JoyBiz-API-V1.0/vendor/illuminate/database/Connection.php(753): Illuminate\\Database\\Connection->Illuminate\\Database\\{closure}()
#2 /media/hilal/a16cd7f4-d146-4484-97ce-f3f0ba8e9840/Office-Data/Jobs/Joybiz/Applications/Joybiz/Backend/V3.0/JoyBiz-API-V1.0/vendor/illuminate/database/Connection.php(720): Illuminate\\Database\\Connection->runQueryCallback()
#3 /media/hilal/a16cd7f4-d146-4484-97ce-f3f0ba8e9840/Office-Data/Jobs/Joybiz/Applications/Joybiz/Backend/V3.0/JoyBiz-API-V1.0/vendor/illuminate/database/Connection.php(546): Illuminate\\Database\\Connection->run()
#4 /media/hilal/a16cd7f4-d146-4484-97ce-f3f0ba8e9840/Office-Data/Jobs/Joybiz/Applications/Joybiz/Backend/V3.0/JoyBiz-API-V1.0/vendor/illuminate/database/Schema/Blueprint.php(109): Illuminate\\Database\\Connection->statement()
#5 /media/hilal/a16cd7f4-d146-4484-97ce-f3f0ba8e9840/Office-Data/Jobs/Joybiz/Applications/Joybiz/Backend/V3.0/JoyBiz-API-V1.0/vendor/illuminate/database/Schema/Builder.php(439): Illuminate\\Database\\Schema\\Blueprint->build()
#6 /media/hilal/a16cd7f4-d146-4484-97ce-f3f0ba8e9840/Office-Data/Jobs/Joybiz/Applications/Joybiz/Backend/V3.0/JoyBiz-API-V1.0/vendor/illuminate/database/Schema/Builder.php(269): Illuminate\\Database\\Schema\\Builder->build()
#7 /media/hilal/a16cd7f4-d146-4484-97ce-f3f0ba8e9840/Office-Data/Jobs/Joybiz/Applications/Joybiz/Backend/V3.0/JoyBiz-API-V1.0/vendor/illuminate/support/Facades/Facade.php(338): Illuminate\\Database\\Schema\\Builder->table()
#8 /media/hilal/a16cd7f4-d146-4484-97ce-f3f0ba8e9840/Office-Data/Jobs/Joybiz/Applications/Joybiz/Backend/V3.0/JoyBiz-API-V1.0/database/migrations/2023_09_08_035741_add_field_member_address_in_order_shipping_table.php(27): Illuminate\\Support\\Facades\\Facade::__callStatic()
#9 /media/hilal/a16cd7f4-d146-4484-97ce-f3f0ba8e9840/Office-Data/Jobs/Joybiz/Applications/Joybiz/Backend/V3.0/JoyBiz-API-V1.0/vendor/illuminate/database/Migrations/Migrator.php(488): Illuminate\\Database\\Migrations\\Migration@anonymous->up()
#10 /media/hilal/a16cd7f4-d146-4484-97ce-f3f0ba8e9840/Office-Data/Jobs/Joybiz/Applications/Joybiz/Backend/V3.0/JoyBiz-API-V1.0/vendor/illuminate/database/Migrations/Migrator.php(406): Illuminate\\Database\\Migrations\\Migrator->runMethod()
#11 /media/hilal/a16cd7f4-d146-4484-97ce-f3f0ba8e9840/Office-Data/Jobs/Joybiz/Applications/Joybiz/Backend/V3.0/JoyBiz-API-V1.0/vendor/illuminate/database/Concerns/ManagesTransactions.php(30): Illuminate\\Database\\Migrations\\Migrator->Illuminate\\Database\\Migrations\\{closure}()
#12 /media/hilal/a16cd7f4-d146-4484-97ce-f3f0ba8e9840/Office-Data/Jobs/Joybiz/Applications/Joybiz/Backend/V3.0/JoyBiz-API-V1.0/vendor/illuminate/database/Migrations/Migrator.php(414): Illuminate\\Database\\Connection->transaction()
#13 /media/hilal/a16cd7f4-d146-4484-97ce-f3f0ba8e9840/Office-Data/Jobs/Joybiz/Applications/Joybiz/Backend/V3.0/JoyBiz-API-V1.0/vendor/illuminate/database/Migrations/Migrator.php(216): Illuminate\\Database\\Migrations\\Migrator->runMigration()
#14 /media/hilal/a16cd7f4-d146-4484-97ce-f3f0ba8e9840/Office-Data/Jobs/Joybiz/Applications/Joybiz/Backend/V3.0/JoyBiz-API-V1.0/vendor/illuminate/console/View/Components/Task.php(37): Illuminate\\Database\\Migrations\\Migrator->Illuminate\\Database\\Migrations\\{closure}()
#15 /media/hilal/a16cd7f4-d146-4484-97ce-f3f0ba8e9840/Office-Data/Jobs/Joybiz/Applications/Joybiz/Backend/V3.0/JoyBiz-API-V1.0/vendor/illuminate/database/Migrations/Migrator.php(751): Illuminate\\Console\\View\\Components\\Task->render()
#16 /media/hilal/a16cd7f4-d146-4484-97ce-f3f0ba8e9840/Office-Data/Jobs/Joybiz/Applications/Joybiz/Backend/V3.0/JoyBiz-API-V1.0/vendor/illuminate/database/Migrations/Migrator.php(216): Illuminate\\Database\\Migrations\\Migrator->write()
#17 /media/hilal/a16cd7f4-d146-4484-97ce-f3f0ba8e9840/Office-Data/Jobs/Joybiz/Applications/Joybiz/Backend/V3.0/JoyBiz-API-V1.0/vendor/illuminate/database/Migrations/Migrator.php(181): Illuminate\\Database\\Migrations\\Migrator->runUp()
#18 /media/hilal/a16cd7f4-d146-4484-97ce-f3f0ba8e9840/Office-Data/Jobs/Joybiz/Applications/Joybiz/Backend/V3.0/JoyBiz-API-V1.0/vendor/illuminate/database/Migrations/Migrator.php(124): Illuminate\\Database\\Migrations\\Migrator->runPending()
#19 /media/hilal/a16cd7f4-d146-4484-97ce-f3f0ba8e9840/Office-Data/Jobs/Joybiz/Applications/Joybiz/Backend/V3.0/JoyBiz-API-V1.0/vendor/illuminate/database/Console/Migrations/MigrateCommand.php(90): Illuminate\\Database\\Migrations\\Migrator->run()
#20 /media/hilal/a16cd7f4-d146-4484-97ce-f3f0ba8e9840/Office-Data/Jobs/Joybiz/Applications/Joybiz/Backend/V3.0/JoyBiz-API-V1.0/vendor/illuminate/database/Migrations/Migrator.php(628): Illuminate\\Database\\Console\\Migrations\\MigrateCommand->Illuminate\\Database\\Console\\Migrations\\{closure}()
#21 /media/hilal/a16cd7f4-d146-4484-97ce-f3f0ba8e9840/Office-Data/Jobs/Joybiz/Applications/Joybiz/Backend/V3.0/JoyBiz-API-V1.0/vendor/illuminate/database/Console/Migrations/MigrateCommand.php(102): Illuminate\\Database\\Migrations\\Migrator->usingConnection()
#22 /media/hilal/a16cd7f4-d146-4484-97ce-f3f0ba8e9840/Office-Data/Jobs/Joybiz/Applications/Joybiz/Backend/V3.0/JoyBiz-API-V1.0/vendor/illuminate/container/BoundMethod.php(36): Illuminate\\Database\\Console\\Migrations\\MigrateCommand->handle()
#23 /media/hilal/a16cd7f4-d146-4484-97ce-f3f0ba8e9840/Office-Data/Jobs/Joybiz/Applications/Joybiz/Backend/V3.0/JoyBiz-API-V1.0/vendor/illuminate/container/Util.php(41): Illuminate\\Container\\BoundMethod::Illuminate\\Container\\{closure}()
#24 /media/hilal/a16cd7f4-d146-4484-97ce-f3f0ba8e9840/Office-Data/Jobs/Joybiz/Applications/Joybiz/Backend/V3.0/JoyBiz-API-V1.0/vendor/illuminate/container/BoundMethod.php(93): Illuminate\\Container\\Util::unwrapIfClosure()
#25 /media/hilal/a16cd7f4-d146-4484-97ce-f3f0ba8e9840/Office-Data/Jobs/Joybiz/Applications/Joybiz/Backend/V3.0/JoyBiz-API-V1.0/vendor/illuminate/container/BoundMethod.php(37): Illuminate\\Container\\BoundMethod::callBoundMethod()
#26 /media/hilal/a16cd7f4-d146-4484-97ce-f3f0ba8e9840/Office-Data/Jobs/Joybiz/Applications/Joybiz/Backend/V3.0/JoyBiz-API-V1.0/vendor/illuminate/container/Container.php(661): Illuminate\\Container\\BoundMethod::call()
#27 /media/hilal/a16cd7f4-d146-4484-97ce-f3f0ba8e9840/Office-Data/Jobs/Joybiz/Applications/Joybiz/Backend/V3.0/JoyBiz-API-V1.0/vendor/illuminate/console/Command.php(183): Illuminate\\Container\\Container->call()
#28 /media/hilal/a16cd7f4-d146-4484-97ce-f3f0ba8e9840/Office-Data/Jobs/Joybiz/Applications/Joybiz/Backend/V3.0/JoyBiz-API-V1.0/vendor/symfony/console/Command/Command.php(326): Illuminate\\Console\\Command->execute()
#29 /media/hilal/a16cd7f4-d146-4484-97ce-f3f0ba8e9840/Office-Data/Jobs/Joybiz/Applications/Joybiz/Backend/V3.0/JoyBiz-API-V1.0/vendor/illuminate/console/Command.php(153): Symfony\\Component\\Console\\Command\\Command->run()
#30 /media/hilal/a16cd7f4-d146-4484-97ce-f3f0ba8e9840/Office-Data/Jobs/Joybiz/Applications/Joybiz/Backend/V3.0/JoyBiz-API-V1.0/vendor/symfony/console/Application.php(1063): Illuminate\\Console\\Command->run()
#31 /media/hilal/a16cd7f4-d146-4484-97ce-f3f0ba8e9840/Office-Data/Jobs/Joybiz/Applications/Joybiz/Backend/V3.0/JoyBiz-API-V1.0/vendor/symfony/console/Application.php(320): Symfony\\Component\\Console\\Application->doRunCommand()
#32 /media/hilal/a16cd7f4-d146-4484-97ce-f3f0ba8e9840/Office-Data/Jobs/Joybiz/Applications/Joybiz/Backend/V3.0/JoyBiz-API-V1.0/vendor/symfony/console/Application.php(174): Symfony\\Component\\Console\\Application->doRun()
#33 /media/hilal/a16cd7f4-d146-4484-97ce-f3f0ba8e9840/Office-Data/Jobs/Joybiz/Applications/Joybiz/Backend/V3.0/JoyBiz-API-V1.0/vendor/illuminate/console/Application.php(102): Symfony\\Component\\Console\\Application->run()
#34 /media/hilal/a16cd7f4-d146-4484-97ce-f3f0ba8e9840/Office-Data/Jobs/Joybiz/Applications/Joybiz/Backend/V3.0/JoyBiz-API-V1.0/vendor/laravel/lumen-framework/src/Console/Kernel.php(116): Illuminate\\Console\\Application->run()
#35 /media/hilal/a16cd7f4-d146-4484-97ce-f3f0ba8e9840/Office-Data/Jobs/Joybiz/Applications/Joybiz/Backend/V3.0/JoyBiz-API-V1.0/artisan(35): Laravel\\Lumen\\Console\\Kernel->handle()
#36 {main}
"} 
[2023-09-08 06:12:20] local.ERROR: SQLSTATE[42P07]: Duplicate table: 7 ERROR:  relation "order_shipping_temp_uuid_unique" already exists (SQL: alter table "order_shipping_temp" add constraint "order_shipping_temp_uuid_unique" unique ("uuid")) {"exception":"[object] (Illuminate\\Database\\QueryException(code: 42P07): SQLSTATE[42P07]: Duplicate table: 7 ERROR:  relation \"order_shipping_temp_uuid_unique\" already exists (SQL: alter table \"order_shipping_temp\" add constraint \"order_shipping_temp_uuid_unique\" unique (\"uuid\")) at /media/hilal/a16cd7f4-d146-4484-97ce-f3f0ba8e9840/Office-Data/Jobs/Joybiz/Applications/Joybiz/Backend/V3.0/JoyBiz-API-V1.0/vendor/illuminate/database/Connection.php:760)
[stacktrace]
#0 /media/hilal/a16cd7f4-d146-4484-97ce-f3f0ba8e9840/Office-Data/Jobs/Joybiz/Applications/Joybiz/Backend/V3.0/JoyBiz-API-V1.0/vendor/illuminate/database/Connection.php(720): Illuminate\\Database\\Connection->runQueryCallback()
#1 /media/hilal/a16cd7f4-d146-4484-97ce-f3f0ba8e9840/Office-Data/Jobs/Joybiz/Applications/Joybiz/Backend/V3.0/JoyBiz-API-V1.0/vendor/illuminate/database/Connection.php(546): Illuminate\\Database\\Connection->run()
#2 /media/hilal/a16cd7f4-d146-4484-97ce-f3f0ba8e9840/Office-Data/Jobs/Joybiz/Applications/Joybiz/Backend/V3.0/JoyBiz-API-V1.0/vendor/illuminate/database/Schema/Blueprint.php(109): Illuminate\\Database\\Connection->statement()
#3 /media/hilal/a16cd7f4-d146-4484-97ce-f3f0ba8e9840/Office-Data/Jobs/Joybiz/Applications/Joybiz/Backend/V3.0/JoyBiz-API-V1.0/vendor/illuminate/database/Schema/Builder.php(439): Illuminate\\Database\\Schema\\Blueprint->build()
#4 /media/hilal/a16cd7f4-d146-4484-97ce-f3f0ba8e9840/Office-Data/Jobs/Joybiz/Applications/Joybiz/Backend/V3.0/JoyBiz-API-V1.0/vendor/illuminate/database/Schema/Builder.php(285): Illuminate\\Database\\Schema\\Builder->build()
#5 /media/hilal/a16cd7f4-d146-4484-97ce-f3f0ba8e9840/Office-Data/Jobs/Joybiz/Applications/Joybiz/Backend/V3.0/JoyBiz-API-V1.0/vendor/illuminate/support/Facades/Facade.php(338): Illuminate\\Database\\Schema\\Builder->create()
#6 /media/hilal/a16cd7f4-d146-4484-97ce-f3f0ba8e9840/Office-Data/Jobs/Joybiz/Applications/Joybiz/Backend/V3.0/JoyBiz-API-V1.0/database/migrations/2023_09_02_034522_create_order_shipping_temp_table.php(45): Illuminate\\Support\\Facades\\Facade::__callStatic()
#7 /media/hilal/a16cd7f4-d146-4484-97ce-f3f0ba8e9840/Office-Data/Jobs/Joybiz/Applications/Joybiz/Backend/V3.0/JoyBiz-API-V1.0/vendor/illuminate/database/Migrations/Migrator.php(488): Illuminate\\Database\\Migrations\\Migration@anonymous->up()
#8 /media/hilal/a16cd7f4-d146-4484-97ce-f3f0ba8e9840/Office-Data/Jobs/Joybiz/Applications/Joybiz/Backend/V3.0/JoyBiz-API-V1.0/vendor/illuminate/database/Migrations/Migrator.php(406): Illuminate\\Database\\Migrations\\Migrator->runMethod()
#9 /media/hilal/a16cd7f4-d146-4484-97ce-f3f0ba8e9840/Office-Data/Jobs/Joybiz/Applications/Joybiz/Backend/V3.0/JoyBiz-API-V1.0/vendor/illuminate/database/Concerns/ManagesTransactions.php(30): Illuminate\\Database\\Migrations\\Migrator->Illuminate\\Database\\Migrations\\{closure}()
#10 /media/hilal/a16cd7f4-d146-4484-97ce-f3f0ba8e9840/Office-Data/Jobs/Joybiz/Applications/Joybiz/Backend/V3.0/JoyBiz-API-V1.0/vendor/illuminate/database/Migrations/Migrator.php(414): Illuminate\\Database\\Connection->transaction()
#11 /media/hilal/a16cd7f4-d146-4484-97ce-f3f0ba8e9840/Office-Data/Jobs/Joybiz/Applications/Joybiz/Backend/V3.0/JoyBiz-API-V1.0/vendor/illuminate/database/Migrations/Migrator.php(216): Illuminate\\Database\\Migrations\\Migrator->runMigration()
#12 /media/hilal/a16cd7f4-d146-4484-97ce-f3f0ba8e9840/Office-Data/Jobs/Joybiz/Applications/Joybiz/Backend/V3.0/JoyBiz-API-V1.0/vendor/illuminate/console/View/Components/Task.php(37): Illuminate\\Database\\Migrations\\Migrator->Illuminate\\Database\\Migrations\\{closure}()
#13 /media/hilal/a16cd7f4-d146-4484-97ce-f3f0ba8e9840/Office-Data/Jobs/Joybiz/Applications/Joybiz/Backend/V3.0/JoyBiz-API-V1.0/vendor/illuminate/database/Migrations/Migrator.php(751): Illuminate\\Console\\View\\Components\\Task->render()
#14 /media/hilal/a16cd7f4-d146-4484-97ce-f3f0ba8e9840/Office-Data/Jobs/Joybiz/Applications/Joybiz/Backend/V3.0/JoyBiz-API-V1.0/vendor/illuminate/database/Migrations/Migrator.php(216): Illuminate\\Database\\Migrations\\Migrator->write()
#15 /media/hilal/a16cd7f4-d146-4484-97ce-f3f0ba8e9840/Office-Data/Jobs/Joybiz/Applications/Joybiz/Backend/V3.0/JoyBiz-API-V1.0/vendor/illuminate/database/Migrations/Migrator.php(181): Illuminate\\Database\\Migrations\\Migrator->runUp()
#16 /media/hilal/a16cd7f4-d146-4484-97ce-f3f0ba8e9840/Office-Data/Jobs/Joybiz/Applications/Joybiz/Backend/V3.0/JoyBiz-API-V1.0/vendor/illuminate/database/Migrations/Migrator.php(124): Illuminate\\Database\\Migrations\\Migrator->runPending()
#17 /media/hilal/a16cd7f4-d146-4484-97ce-f3f0ba8e9840/Office-Data/Jobs/Joybiz/Applications/Joybiz/Backend/V3.0/JoyBiz-API-V1.0/vendor/illuminate/database/Console/Migrations/MigrateCommand.php(90): Illuminate\\Database\\Migrations\\Migrator->run()
#18 /media/hilal/a16cd7f4-d146-4484-97ce-f3f0ba8e9840/Office-Data/Jobs/Joybiz/Applications/Joybiz/Backend/V3.0/JoyBiz-API-V1.0/vendor/illuminate/database/Migrations/Migrator.php(628): Illuminate\\Database\\Console\\Migrations\\MigrateCommand->Illuminate\\Database\\Console\\Migrations\\{closure}()
#19 /media/hilal/a16cd7f4-d146-4484-97ce-f3f0ba8e9840/Office-Data/Jobs/Joybiz/Applications/Joybiz/Backend/V3.0/JoyBiz-API-V1.0/vendor/illuminate/database/Console/Migrations/MigrateCommand.php(102): Illuminate\\Database\\Migrations\\Migrator->usingConnection()
#20 /media/hilal/a16cd7f4-d146-4484-97ce-f3f0ba8e9840/Office-Data/Jobs/Joybiz/Applications/Joybiz/Backend/V3.0/JoyBiz-API-V1.0/vendor/illuminate/container/BoundMethod.php(36): Illuminate\\Database\\Console\\Migrations\\MigrateCommand->handle()
#21 /media/hilal/a16cd7f4-d146-4484-97ce-f3f0ba8e9840/Office-Data/Jobs/Joybiz/Applications/Joybiz/Backend/V3.0/JoyBiz-API-V1.0/vendor/illuminate/container/Util.php(41): Illuminate\\Container\\BoundMethod::Illuminate\\Container\\{closure}()
#22 /media/hilal/a16cd7f4-d146-4484-97ce-f3f0ba8e9840/Office-Data/Jobs/Joybiz/Applications/Joybiz/Backend/V3.0/JoyBiz-API-V1.0/vendor/illuminate/container/BoundMethod.php(93): Illuminate\\Container\\Util::unwrapIfClosure()
#23 /media/hilal/a16cd7f4-d146-4484-97ce-f3f0ba8e9840/Office-Data/Jobs/Joybiz/Applications/Joybiz/Backend/V3.0/JoyBiz-API-V1.0/vendor/illuminate/container/BoundMethod.php(37): Illuminate\\Container\\BoundMethod::callBoundMethod()
#24 /media/hilal/a16cd7f4-d146-4484-97ce-f3f0ba8e9840/Office-Data/Jobs/Joybiz/Applications/Joybiz/Backend/V3.0/JoyBiz-API-V1.0/vendor/illuminate/container/Container.php(661): Illuminate\\Container\\BoundMethod::call()
#25 /media/hilal/a16cd7f4-d146-4484-97ce-f3f0ba8e9840/Office-Data/Jobs/Joybiz/Applications/Joybiz/Backend/V3.0/JoyBiz-API-V1.0/vendor/illuminate/console/Command.php(183): Illuminate\\Container\\Container->call()
#26 /media/hilal/a16cd7f4-d146-4484-97ce-f3f0ba8e9840/Office-Data/Jobs/Joybiz/Applications/Joybiz/Backend/V3.0/JoyBiz-API-V1.0/vendor/symfony/console/Command/Command.php(326): Illuminate\\Console\\Command->execute()
#27 /media/hilal/a16cd7f4-d146-4484-97ce-f3f0ba8e9840/Office-Data/Jobs/Joybiz/Applications/Joybiz/Backend/V3.0/JoyBiz-API-V1.0/vendor/illuminate/console/Command.php(153): Symfony\\Component\\Console\\Command\\Command->run()
#28 /media/hilal/a16cd7f4-d146-4484-97ce-f3f0ba8e9840/Office-Data/Jobs/Joybiz/Applications/Joybiz/Backend/V3.0/JoyBiz-API-V1.0/vendor/symfony/console/Application.php(1063): Illuminate\\Console\\Command->run()
#29 /media/hilal/a16cd7f4-d146-4484-97ce-f3f0ba8e9840/Office-Data/Jobs/Joybiz/Applications/Joybiz/Backend/V3.0/JoyBiz-API-V1.0/vendor/symfony/console/Application.php(320): Symfony\\Component\\Console\\Application->doRunCommand()
#30 /media/hilal/a16cd7f4-d146-4484-97ce-f3f0ba8e9840/Office-Data/Jobs/Joybiz/Applications/Joybiz/Backend/V3.0/JoyBiz-API-V1.0/vendor/symfony/console/Application.php(174): Symfony\\Component\\Console\\Application->doRun()
#31 /media/hilal/a16cd7f4-d146-4484-97ce-f3f0ba8e9840/Office-Data/Jobs/Joybiz/Applications/Joybiz/Backend/V3.0/JoyBiz-API-V1.0/vendor/illuminate/console/Application.php(102): Symfony\\Component\\Console\\Application->run()
#32 /media/hilal/a16cd7f4-d146-4484-97ce-f3f0ba8e9840/Office-Data/Jobs/Joybiz/Applications/Joybiz/Backend/V3.0/JoyBiz-API-V1.0/vendor/laravel/lumen-framework/src/Console/Kernel.php(116): Illuminate\\Console\\Application->run()
#33 /media/hilal/a16cd7f4-d146-4484-97ce-f3f0ba8e9840/Office-Data/Jobs/Joybiz/Applications/Joybiz/Backend/V3.0/JoyBiz-API-V1.0/artisan(35): Laravel\\Lumen\\Console\\Kernel->handle()
#34 {main}

[previous exception] [object] (PDOException(code: 42P07): SQLSTATE[42P07]: Duplicate table: 7 ERROR:  relation \"order_shipping_temp_uuid_unique\" already exists at /media/hilal/a16cd7f4-d146-4484-97ce-f3f0ba8e9840/Office-Data/Jobs/Joybiz/Applications/Joybiz/Backend/V3.0/JoyBiz-API-V1.0/vendor/illuminate/database/Connection.php:545)
[stacktrace]
#0 /media/hilal/a16cd7f4-d146-4484-97ce-f3f0ba8e9840/Office-Data/Jobs/Joybiz/Applications/Joybiz/Backend/V3.0/JoyBiz-API-V1.0/vendor/illuminate/database/Connection.php(545): PDOStatement->execute()
#1 /media/hilal/a16cd7f4-d146-4484-97ce-f3f0ba8e9840/Office-Data/Jobs/Joybiz/Applications/Joybiz/Backend/V3.0/JoyBiz-API-V1.0/vendor/illuminate/database/Connection.php(753): Illuminate\\Database\\Connection->Illuminate\\Database\\{closure}()
#2 /media/hilal/a16cd7f4-d146-4484-97ce-f3f0ba8e9840/Office-Data/Jobs/Joybiz/Applications/Joybiz/Backend/V3.0/JoyBiz-API-V1.0/vendor/illuminate/database/Connection.php(720): Illuminate\\Database\\Connection->runQueryCallback()
#3 /media/hilal/a16cd7f4-d146-4484-97ce-f3f0ba8e9840/Office-Data/Jobs/Joybiz/Applications/Joybiz/Backend/V3.0/JoyBiz-API-V1.0/vendor/illuminate/database/Connection.php(546): Illuminate\\Database\\Connection->run()
#4 /media/hilal/a16cd7f4-d146-4484-97ce-f3f0ba8e9840/Office-Data/Jobs/Joybiz/Applications/Joybiz/Backend/V3.0/JoyBiz-API-V1.0/vendor/illuminate/database/Schema/Blueprint.php(109): Illuminate\\Database\\Connection->statement()
#5 /media/hilal/a16cd7f4-d146-4484-97ce-f3f0ba8e9840/Office-Data/Jobs/Joybiz/Applications/Joybiz/Backend/V3.0/JoyBiz-API-V1.0/vendor/illuminate/database/Schema/Builder.php(439): Illuminate\\Database\\Schema\\Blueprint->build()
#6 /media/hilal/a16cd7f4-d146-4484-97ce-f3f0ba8e9840/Office-Data/Jobs/Joybiz/Applications/Joybiz/Backend/V3.0/JoyBiz-API-V1.0/vendor/illuminate/database/Schema/Builder.php(285): Illuminate\\Database\\Schema\\Builder->build()
#7 /media/hilal/a16cd7f4-d146-4484-97ce-f3f0ba8e9840/Office-Data/Jobs/Joybiz/Applications/Joybiz/Backend/V3.0/JoyBiz-API-V1.0/vendor/illuminate/support/Facades/Facade.php(338): Illuminate\\Database\\Schema\\Builder->create()
#8 /media/hilal/a16cd7f4-d146-4484-97ce-f3f0ba8e9840/Office-Data/Jobs/Joybiz/Applications/Joybiz/Backend/V3.0/JoyBiz-API-V1.0/database/migrations/2023_09_02_034522_create_order_shipping_temp_table.php(45): Illuminate\\Support\\Facades\\Facade::__callStatic()
#9 /media/hilal/a16cd7f4-d146-4484-97ce-f3f0ba8e9840/Office-Data/Jobs/Joybiz/Applications/Joybiz/Backend/V3.0/JoyBiz-API-V1.0/vendor/illuminate/database/Migrations/Migrator.php(488): Illuminate\\Database\\Migrations\\Migration@anonymous->up()
#10 /media/hilal/a16cd7f4-d146-4484-97ce-f3f0ba8e9840/Office-Data/Jobs/Joybiz/Applications/Joybiz/Backend/V3.0/JoyBiz-API-V1.0/vendor/illuminate/database/Migrations/Migrator.php(406): Illuminate\\Database\\Migrations\\Migrator->runMethod()
#11 /media/hilal/a16cd7f4-d146-4484-97ce-f3f0ba8e9840/Office-Data/Jobs/Joybiz/Applications/Joybiz/Backend/V3.0/JoyBiz-API-V1.0/vendor/illuminate/database/Concerns/ManagesTransactions.php(30): Illuminate\\Database\\Migrations\\Migrator->Illuminate\\Database\\Migrations\\{closure}()
#12 /media/hilal/a16cd7f4-d146-4484-97ce-f3f0ba8e9840/Office-Data/Jobs/Joybiz/Applications/Joybiz/Backend/V3.0/JoyBiz-API-V1.0/vendor/illuminate/database/Migrations/Migrator.php(414): Illuminate\\Database\\Connection->transaction()
#13 /media/hilal/a16cd7f4-d146-4484-97ce-f3f0ba8e9840/Office-Data/Jobs/Joybiz/Applications/Joybiz/Backend/V3.0/JoyBiz-API-V1.0/vendor/illuminate/database/Migrations/Migrator.php(216): Illuminate\\Database\\Migrations\\Migrator->runMigration()
#14 /media/hilal/a16cd7f4-d146-4484-97ce-f3f0ba8e9840/Office-Data/Jobs/Joybiz/Applications/Joybiz/Backend/V3.0/JoyBiz-API-V1.0/vendor/illuminate/console/View/Components/Task.php(37): Illuminate\\Database\\Migrations\\Migrator->Illuminate\\Database\\Migrations\\{closure}()
#15 /media/hilal/a16cd7f4-d146-4484-97ce-f3f0ba8e9840/Office-Data/Jobs/Joybiz/Applications/Joybiz/Backend/V3.0/JoyBiz-API-V1.0/vendor/illuminate/database/Migrations/Migrator.php(751): Illuminate\\Console\\View\\Components\\Task->render()
#16 /media/hilal/a16cd7f4-d146-4484-97ce-f3f0ba8e9840/Office-Data/Jobs/Joybiz/Applications/Joybiz/Backend/V3.0/JoyBiz-API-V1.0/vendor/illuminate/database/Migrations/Migrator.php(216): Illuminate\\Database\\Migrations\\Migrator->write()
#17 /media/hilal/a16cd7f4-d146-4484-97ce-f3f0ba8e9840/Office-Data/Jobs/Joybiz/Applications/Joybiz/Backend/V3.0/JoyBiz-API-V1.0/vendor/illuminate/database/Migrations/Migrator.php(181): Illuminate\\Database\\Migrations\\Migrator->runUp()
#18 /media/hilal/a16cd7f4-d146-4484-97ce-f3f0ba8e9840/Office-Data/Jobs/Joybiz/Applications/Joybiz/Backend/V3.0/JoyBiz-API-V1.0/vendor/illuminate/database/Migrations/Migrator.php(124): Illuminate\\Database\\Migrations\\Migrator->runPending()
#19 /media/hilal/a16cd7f4-d146-4484-97ce-f3f0ba8e9840/Office-Data/Jobs/Joybiz/Applications/Joybiz/Backend/V3.0/JoyBiz-API-V1.0/vendor/illuminate/database/Console/Migrations/MigrateCommand.php(90): Illuminate\\Database\\Migrations\\Migrator->run()
#20 /media/hilal/a16cd7f4-d146-4484-97ce-f3f0ba8e9840/Office-Data/Jobs/Joybiz/Applications/Joybiz/Backend/V3.0/JoyBiz-API-V1.0/vendor/illuminate/database/Migrations/Migrator.php(628): Illuminate\\Database\\Console\\Migrations\\MigrateCommand->Illuminate\\Database\\Console\\Migrations\\{closure}()
#21 /media/hilal/a16cd7f4-d146-4484-97ce-f3f0ba8e9840/Office-Data/Jobs/Joybiz/Applications/Joybiz/Backend/V3.0/JoyBiz-API-V1.0/vendor/illuminate/database/Console/Migrations/MigrateCommand.php(102): Illuminate\\Database\\Migrations\\Migrator->usingConnection()
#22 /media/hilal/a16cd7f4-d146-4484-97ce-f3f0ba8e9840/Office-Data/Jobs/Joybiz/Applications/Joybiz/Backend/V3.0/JoyBiz-API-V1.0/vendor/illuminate/container/BoundMethod.php(36): Illuminate\\Database\\Console\\Migrations\\MigrateCommand->handle()
#23 /media/hilal/a16cd7f4-d146-4484-97ce-f3f0ba8e9840/Office-Data/Jobs/Joybiz/Applications/Joybiz/Backend/V3.0/JoyBiz-API-V1.0/vendor/illuminate/container/Util.php(41): Illuminate\\Container\\BoundMethod::Illuminate\\Container\\{closure}()
#24 /media/hilal/a16cd7f4-d146-4484-97ce-f3f0ba8e9840/Office-Data/Jobs/Joybiz/Applications/Joybiz/Backend/V3.0/JoyBiz-API-V1.0/vendor/illuminate/container/BoundMethod.php(93): Illuminate\\Container\\Util::unwrapIfClosure()
#25 /media/hilal/a16cd7f4-d146-4484-97ce-f3f0ba8e9840/Office-Data/Jobs/Joybiz/Applications/Joybiz/Backend/V3.0/JoyBiz-API-V1.0/vendor/illuminate/container/BoundMethod.php(37): Illuminate\\Container\\BoundMethod::callBoundMethod()
#26 /media/hilal/a16cd7f4-d146-4484-97ce-f3f0ba8e9840/Office-Data/Jobs/Joybiz/Applications/Joybiz/Backend/V3.0/JoyBiz-API-V1.0/vendor/illuminate/container/Container.php(661): Illuminate\\Container\\BoundMethod::call()
#27 /media/hilal/a16cd7f4-d146-4484-97ce-f3f0ba8e9840/Office-Data/Jobs/Joybiz/Applications/Joybiz/Backend/V3.0/JoyBiz-API-V1.0/vendor/illuminate/console/Command.php(183): Illuminate\\Container\\Container->call()
#28 /media/hilal/a16cd7f4-d146-4484-97ce-f3f0ba8e9840/Office-Data/Jobs/Joybiz/Applications/Joybiz/Backend/V3.0/JoyBiz-API-V1.0/vendor/symfony/console/Command/Command.php(326): Illuminate\\Console\\Command->execute()
#29 /media/hilal/a16cd7f4-d146-4484-97ce-f3f0ba8e9840/Office-Data/Jobs/Joybiz/Applications/Joybiz/Backend/V3.0/JoyBiz-API-V1.0/vendor/illuminate/console/Command.php(153): Symfony\\Component\\Console\\Command\\Command->run()
#30 /media/hilal/a16cd7f4-d146-4484-97ce-f3f0ba8e9840/Office-Data/Jobs/Joybiz/Applications/Joybiz/Backend/V3.0/JoyBiz-API-V1.0/vendor/symfony/console/Application.php(1063): Illuminate\\Console\\Command->run()
#31 /media/hilal/a16cd7f4-d146-4484-97ce-f3f0ba8e9840/Office-Data/Jobs/Joybiz/Applications/Joybiz/Backend/V3.0/JoyBiz-API-V1.0/vendor/symfony/console/Application.php(320): Symfony\\Component\\Console\\Application->doRunCommand()
#32 /media/hilal/a16cd7f4-d146-4484-97ce-f3f0ba8e9840/Office-Data/Jobs/Joybiz/Applications/Joybiz/Backend/V3.0/JoyBiz-API-V1.0/vendor/symfony/console/Application.php(174): Symfony\\Component\\Console\\Application->doRun()
#33 /media/hilal/a16cd7f4-d146-4484-97ce-f3f0ba8e9840/Office-Data/Jobs/Joybiz/Applications/Joybiz/Backend/V3.0/JoyBiz-API-V1.0/vendor/illuminate/console/Application.php(102): Symfony\\Component\\Console\\Application->run()
#34 /media/hilal/a16cd7f4-d146-4484-97ce-f3f0ba8e9840/Office-Data/Jobs/Joybiz/Applications/Joybiz/Backend/V3.0/JoyBiz-API-V1.0/vendor/laravel/lumen-framework/src/Console/Kernel.php(116): Illuminate\\Console\\Application->run()
#35 /media/hilal/a16cd7f4-d146-4484-97ce-f3f0ba8e9840/Office-Data/Jobs/Joybiz/Applications/Joybiz/Backend/V3.0/JoyBiz-API-V1.0/artisan(35): Laravel\\Lumen\\Console\\Kernel->handle()
#36 {main}
"} 
[2023-09-08 06:56:09] local.ERROR: There are no commands defined in the "make::" namespace.

Did you mean this?
    make {"exception":"[object] (Symfony\\Component\\Console\\Exception\\NamespaceNotFoundException(code: 0): There are no commands defined in the \"make::\" namespace.

Did you mean this?
    make at /media/hilal/a16cd7f4-d146-4484-97ce-f3f0ba8e9840/Office-Data/Jobs/Joybiz/Applications/Joybiz/Backend/V3.0/JoyBiz-API-V1.0/vendor/symfony/console/Application.php:657)
[stacktrace]
#0 /media/hilal/a16cd7f4-d146-4484-97ce-f3f0ba8e9840/Office-Data/Jobs/Joybiz/Applications/Joybiz/Backend/V3.0/JoyBiz-API-V1.0/vendor/symfony/console/Application.php(708): Symfony\\Component\\Console\\Application->findNamespace()
#1 /media/hilal/a16cd7f4-d146-4484-97ce-f3f0ba8e9840/Office-Data/Jobs/Joybiz/Applications/Joybiz/Backend/V3.0/JoyBiz-API-V1.0/vendor/symfony/console/Application.php(262): Symfony\\Component\\Console\\Application->find()
#2 /media/hilal/a16cd7f4-d146-4484-97ce-f3f0ba8e9840/Office-Data/Jobs/Joybiz/Applications/Joybiz/Backend/V3.0/JoyBiz-API-V1.0/vendor/symfony/console/Application.php(174): Symfony\\Component\\Console\\Application->doRun()
#3 /media/hilal/a16cd7f4-d146-4484-97ce-f3f0ba8e9840/Office-Data/Jobs/Joybiz/Applications/Joybiz/Backend/V3.0/JoyBiz-API-V1.0/vendor/illuminate/console/Application.php(102): Symfony\\Component\\Console\\Application->run()
#4 /media/hilal/a16cd7f4-d146-4484-97ce-f3f0ba8e9840/Office-Data/Jobs/Joybiz/Applications/Joybiz/Backend/V3.0/JoyBiz-API-V1.0/vendor/laravel/lumen-framework/src/Console/Kernel.php(116): Illuminate\\Console\\Application->run()
#5 /media/hilal/a16cd7f4-d146-4484-97ce-f3f0ba8e9840/Office-Data/Jobs/Joybiz/Applications/Joybiz/Backend/V3.0/JoyBiz-API-V1.0/artisan(35): Laravel\\Lumen\\Console\\Kernel->handle()
#6 {main}
"} 
[2023-09-08 13:15:39] local.ERROR: Method Illuminate\Validation\Validator::validateObject does not exist. {"exception":"[object] (BadMethodCallException(code: 0): Method Illuminate\\Validation\\Validator::validateObject does not exist. at /media/hilal/a16cd7f4-d146-4484-97ce-f3f0ba8e9840/Office-Data/Jobs/Joybiz/Applications/Joybiz/Backend/V3.0/JoyBiz-API-V1.0/vendor/illuminate/validation/Validator.php:1555)
[stacktrace]
#0 /media/hilal/a16cd7f4-d146-4484-97ce-f3f0ba8e9840/Office-Data/Jobs/Joybiz/Applications/Joybiz/Backend/V3.0/JoyBiz-API-V1.0/vendor/illuminate/validation/Validator.php(616): Illuminate\\Validation\\Validator->__call()
#1 /media/hilal/a16cd7f4-d146-4484-97ce-f3f0ba8e9840/Office-Data/Jobs/Joybiz/Applications/Joybiz/Backend/V3.0/JoyBiz-API-V1.0/vendor/illuminate/validation/Validator.php(422): Illuminate\\Validation\\Validator->validateAttribute()
#2 /media/hilal/a16cd7f4-d146-4484-97ce-f3f0ba8e9840/Office-Data/Jobs/Joybiz/Applications/Joybiz/Backend/V3.0/JoyBiz-API-V1.0/vendor/illuminate/validation/Validator.php(453): Illuminate\\Validation\\Validator->passes()
#3 /media/hilal/a16cd7f4-d146-4484-97ce-f3f0ba8e9840/Office-Data/Jobs/Joybiz/Applications/Joybiz/Backend/V3.0/JoyBiz-API-V1.0/app/Services/Members/MemberRegisterService.php(33): Illuminate\\Validation\\Validator->fails()
#4 /media/hilal/a16cd7f4-d146-4484-97ce-f3f0ba8e9840/Office-Data/Jobs/Joybiz/Applications/Joybiz/Backend/V3.0/JoyBiz-API-V1.0/app/Http/Controllers/Members/MemberController.php(43): App\\Services\\Members\\MemberRegisterService->register()
#5 /media/hilal/a16cd7f4-d146-4484-97ce-f3f0ba8e9840/Office-Data/Jobs/Joybiz/Applications/Joybiz/Backend/V3.0/JoyBiz-API-V1.0/vendor/illuminate/container/BoundMethod.php(36): App\\Http\\Controllers\\Members\\MemberController->register()
#6 /media/hilal/a16cd7f4-d146-4484-97ce-f3f0ba8e9840/Office-Data/Jobs/Joybiz/Applications/Joybiz/Backend/V3.0/JoyBiz-API-V1.0/vendor/illuminate/container/Util.php(41): Illuminate\\Container\\BoundMethod::Illuminate\\Container\\{closure}()
#7 /media/hilal/a16cd7f4-d146-4484-97ce-f3f0ba8e9840/Office-Data/Jobs/Joybiz/Applications/Joybiz/Backend/V3.0/JoyBiz-API-V1.0/vendor/illuminate/container/BoundMethod.php(93): Illuminate\\Container\\Util::unwrapIfClosure()
#8 /media/hilal/a16cd7f4-d146-4484-97ce-f3f0ba8e9840/Office-Data/Jobs/Joybiz/Applications/Joybiz/Backend/V3.0/JoyBiz-API-V1.0/vendor/illuminate/container/BoundMethod.php(37): Illuminate\\Container\\BoundMethod::callBoundMethod()
#9 /media/hilal/a16cd7f4-d146-4484-97ce-f3f0ba8e9840/Office-Data/Jobs/Joybiz/Applications/Joybiz/Backend/V3.0/JoyBiz-API-V1.0/vendor/illuminate/container/Container.php(661): Illuminate\\Container\\BoundMethod::call()
#10 /media/hilal/a16cd7f4-d146-4484-97ce-f3f0ba8e9840/Office-Data/Jobs/Joybiz/Applications/Joybiz/Backend/V3.0/JoyBiz-API-V1.0/vendor/laravel/lumen-framework/src/Concerns/RoutesRequests.php(391): Illuminate\\Container\\Container->call()
#11 /media/hilal/a16cd7f4-d146-4484-97ce-f3f0ba8e9840/Office-Data/Jobs/Joybiz/Applications/Joybiz/Backend/V3.0/JoyBiz-API-V1.0/vendor/laravel/lumen-framework/src/Concerns/RoutesRequests.php(357): Laravel\\Lumen\\Application->callControllerCallable()
#12 /media/hilal/a16cd7f4-d146-4484-97ce-f3f0ba8e9840/Office-Data/Jobs/Joybiz/Applications/Joybiz/Backend/V3.0/JoyBiz-API-V1.0/vendor/laravel/lumen-framework/src/Concerns/RoutesRequests.php(331): Laravel\\Lumen\\Application->callLumenController()
#13 /media/hilal/a16cd7f4-d146-4484-97ce-f3f0ba8e9840/Office-Data/Jobs/Joybiz/Applications/Joybiz/Backend/V3.0/JoyBiz-API-V1.0/vendor/laravel/lumen-framework/src/Concerns/RoutesRequests.php(284): Laravel\\Lumen\\Application->callControllerAction()
#14 /media/hilal/a16cd7f4-d146-4484-97ce-f3f0ba8e9840/Office-Data/Jobs/Joybiz/Applications/Joybiz/Backend/V3.0/JoyBiz-API-V1.0/vendor/laravel/lumen-framework/src/Concerns/RoutesRequests.php(269): Laravel\\Lumen\\Application->callActionOnArrayBasedRoute()
#15 /media/hilal/a16cd7f4-d146-4484-97ce-f3f0ba8e9840/Office-Data/Jobs/Joybiz/Applications/Joybiz/Backend/V3.0/JoyBiz-API-V1.0/vendor/laravel/lumen-framework/src/Concerns/RoutesRequests.php(171): Laravel\\Lumen\\Application->handleFoundRoute()
#16 /media/hilal/a16cd7f4-d146-4484-97ce-f3f0ba8e9840/Office-Data/Jobs/Joybiz/Applications/Joybiz/Backend/V3.0/JoyBiz-API-V1.0/vendor/laravel/lumen-framework/src/Concerns/RoutesRequests.php(431): Laravel\\Lumen\\Application->Laravel\\Lumen\\Concerns\\{closure}()
#17 /media/hilal/a16cd7f4-d146-4484-97ce-f3f0ba8e9840/Office-Data/Jobs/Joybiz/Applications/Joybiz/Backend/V3.0/JoyBiz-API-V1.0/vendor/laravel/lumen-framework/src/Concerns/RoutesRequests.php(177): Laravel\\Lumen\\Application->sendThroughPipeline()
#18 /media/hilal/a16cd7f4-d146-4484-97ce-f3f0ba8e9840/Office-Data/Jobs/Joybiz/Applications/Joybiz/Backend/V3.0/JoyBiz-API-V1.0/vendor/laravel/lumen-framework/src/Concerns/RoutesRequests.php(112): Laravel\\Lumen\\Application->dispatch()
#19 /media/hilal/a16cd7f4-d146-4484-97ce-f3f0ba8e9840/Office-Data/Jobs/Joybiz/Applications/Joybiz/Backend/V3.0/JoyBiz-API-V1.0/public/index.php(28): Laravel\\Lumen\\Application->run()
#20 {main}
"} 
